2026-06-15 09:22:23 | INFO     | src.bot_controller | Initializing BotController and all modules...
2026-06-15 09:22:23 | INFO     | src.speech_recognizer | SpeechRecognizer ready.
2026-06-15 09:22:23 | INFO     | src.language_detector | LanguageDetector initialized.
2026-06-15 09:22:23 | INFO     | src.text_to_speech | TextToSpeech ready. gTTS=YES, pyttsx3=NO
2026-06-15 09:22:23 | INFO     | src.conversation_manager | ConversationManager initialized with 4 questions.
2026-06-15 09:22:23 | DEBUG    | src.database_manager | Database schema verified.
2026-06-15 09:22:23 | INFO     | src.database_manager | DatabaseManager ready. DB path: C:\Users\Agnimitra Banerjee\Speech_AI_Bot\database\visitor_logs.db
2026-06-15 09:22:23 | INFO     | src.bot_controller | BotController initialized successfully.
2026-06-15 09:22:26 | INFO     | src.bot_controller | User pressed START key.
2026-06-15 09:22:26 | INFO     | src.database_manager | Session created: aa377cfa-5d04-4d81-a421-c18819a1f8f3
2026-06-15 09:22:26 | INFO     | src.bot_controller | Session started: aa377cfa-5d04-4d81-a421-c18819a1f8f3
2026-06-15 09:22:26 | DEBUG    | gtts.tts | text: Hello, welcome Here!
2026-06-15 09:22:26 | DEBUG    | gtts.tts | tld: com
2026-06-15 09:22:26 | DEBUG    | gtts.tts | lang: en
2026-06-15 09:22:26 | DEBUG    | gtts.tts | slow: False
2026-06-15 09:22:26 | DEBUG    | gtts.tts | lang_check: True
2026-06-15 09:22:26 | DEBUG    | gtts.tts | pre_processor_funcs: [<function tone_marks at 0x000001C4952AB9A0>, <function end_of_line at 0x000001C495258310>, <function abbreviations at 0x000001C495258280>, <function word_sub at 0x000001C495258430>]
2026-06-15 09:22:26 | DEBUG    | gtts.tts | tokenizer_func: <bound method Tokenizer.run of re.compile('(?<=\\?).|(?<=!).|(?<=？).|(?<=！).|(?<!\\.[a-z])\\. |(?<!\\.[a-z]), |(?<!\\d):|…|;|。|\\\n|、|¿|¡|‥|，|،|：|\\[|\\(|\\)|\\]|—', re.IGNORECASE) from: [<function tone_marks at 0x000001C4952585E0>, <function period_comma at 0x000001C495258670>, <function colon at 0x000001C495258700>, <function other_punctuation at 0x000001C495258790>]>
2026-06-15 09:22:26 | DEBUG    | gtts.tts | timeout: None
2026-06-15 09:22:26 | DEBUG    | gtts.lang | langs: {'af': 'Afrikaans', 'am': 'Amharic', 'ar': 'Arabic', 'bg': 'Bulgarian', 'bn': 'Bengali', 'bs': 'Bosnian', 'ca': 'Catalan', 'cs': 'Czech', 'cy': 'Welsh', 'da': 'Danish', 'de': 'German', 'el': 'Greek', 'en': 'English', 'es': 'Spanish', 'et': 'Estonian', 'eu': 'Basque', 'fi': 'Finnish', 'fr': 'French', 'fr-CA': 'French (Canada)', 'gl': 'Galician', 'gu': 'Gujarati', 'ha': 'Hausa', 'hi': 'Hindi', 'hr': 'Croatian', 'hu': 'Hungarian', 'id': 'Indonesian', 'is': 'Icelandic', 'it': 'Italian', 'iw': 'Hebrew', 'ja': 'Japanese', 'jw': 'Javanese', 'km': 'Khmer', 'kn': 'Kannada', 'ko': 'Korean', 'la': 'Latin', 'lt': 'Lithuanian', 'lv': 'Latvian', 'ml': 'Malayalam', 'mr': 'Marathi', 'ms': 'Malay', 'my': 'Myanmar (Burmese)', 'ne': 'Nepali', 'nl': 'Dutch', 'no': 'Norwegian', 'pa': 'Punjabi (Gurmukhi)', 'pl': 'Polish', 'pt': 'Portuguese (Brazil)', 'pt-PT': 'Portuguese (Portugal)', 'ro': 'Romanian', 'ru': 'Russian', 'si': 'Sinhala', 'sk': 'Slovak', 'sq': 'Albanian', 'sr': 'Serbian', 'su': 'Sundanese', 'sv': 'Swedish', 'sw': 'Swahili', 'ta': 'Tamil', 'te': 'Telugu', 'th': 'Thai', 'tl': 'Filipino', 'tr': 'Turkish', 'uk': 'Ukrainian', 'ur': 'Urdu', 'vi': 'Vietnamese', 'yue': 'Cantonese', 'zh-CN': 'Chinese (Simplified)', 'zh-TW': 'Chinese (Mandarin/Taiwan)', 'zh': 'Chinese (Mandarin)'}
2026-06-15 09:22:26 | DEBUG    | gtts.tts | pre-processing: <function tone_marks at 0x000001C4952AB9A0>
2026-06-15 09:22:26 | DEBUG    | gtts.tts | pre-processing: <function end_of_line at 0x000001C495258310>
2026-06-15 09:22:26 | DEBUG    | gtts.tts | pre-processing: <function abbreviations at 0x000001C495258280>
2026-06-15 09:22:26 | DEBUG    | gtts.tts | pre-processing: <function word_sub at 0x000001C495258430>
2026-06-15 09:22:26 | DEBUG    | gtts.tts | text_parts: ['Hello, welcome Here!']
2026-06-15 09:22:26 | DEBUG    | gtts.tts | text_parts: 1
2026-06-15 09:22:26 | DEBUG    | gtts.tts | data-0: f.req=%5B%5B%5B%22jQ1olc%22%2C%22%5B%5C%22Hello%2C%20welcome%20Here%21%5C%22%2C%5C%22en%5C%22%2Cnull%2C%5C%22null%5C%22%5D%22%2Cnull%2C%22generic%22%5D%5D%5D&
2026-06-15 09:22:26 | DEBUG    | urllib3.connectionpool | Starting new HTTPS connection (1): translate.google.com:443
2026-06-15 09:22:27 | DEBUG    | urllib3.connectionpool | https://translate.google.com:443 "POST /_/TranslateWebserverUi/data/batchexecute HTTP/1.1" 200 None
2026-06-15 09:22:27 | DEBUG    | gtts.tts | headers-0: {'Referer': 'http://translate.google.com/', 'User-Agent': 'Mozilla/5.0 (Windows NT 10.0; WOW64) AppleWebKit/537.36 (KHTML, like Gecko) Chrome/47.0.2526.106 Safari/537.36', 'Content-Type': 'application/x-www-form-urlencoded;charset=utf-8', 'Content-Length': '158'}
2026-06-15 09:22:27 | DEBUG    | gtts.tts | url-0: https://translate.google.com/_/TranslateWebserverUi/data/batchexecute
2026-06-15 09:22:27 | DEBUG    | gtts.tts | status-0: 200
2026-06-15 09:22:27 | DEBUG    | gtts.tts | part-0 written to <_io.BufferedWriter name='C:\\Users\\AGNIMI~1\\AppData\\Local\\Temp\\tmpk4ychik4.mp3'>
2026-06-15 09:22:27 | DEBUG    | gtts.tts | part-0 created
2026-06-15 09:22:27 | DEBUG    | gtts.tts | Saved to C:\Users\AGNIMI~1\AppData\Local\Temp\tmpk4ychik4.mp3
2026-06-15 09:22:31 | DEBUG    | src.database_manager | Event logged [greeting]: 'Hello, welcome Here!'
2026-06-15 09:22:31 | DEBUG    | gtts.tts | text: May I know your full name, please?
2026-06-15 09:22:31 | DEBUG    | gtts.tts | tld: com
2026-06-15 09:22:31 | DEBUG    | gtts.tts | lang: en
2026-06-15 09:22:31 | DEBUG    | gtts.tts | slow: False
2026-06-15 09:22:31 | DEBUG    | gtts.tts | lang_check: True
2026-06-15 09:22:31 | DEBUG    | gtts.tts | pre_processor_funcs: [<function tone_marks at 0x000001C4952AB9A0>, <function end_of_line at 0x000001C495258310>, <function abbreviations at 0x000001C495258280>, <function word_sub at 0x000001C495258430>]
2026-06-15 09:22:31 | DEBUG    | gtts.tts | tokenizer_func: <bound method Tokenizer.run of re.compile('(?<=\\?).|(?<=!).|(?<=？).|(?<=！).|(?<!\\.[a-z])\\. |(?<!\\.[a-z]), |(?<!\\d):|…|;|。|\\\n|、|¿|¡|‥|，|،|：|\\[|\\(|\\)|\\]|—', re.IGNORECASE) from: [<function tone_marks at 0x000001C4952585E0>, <function period_comma at 0x000001C495258670>, <function colon at 0x000001C495258700>, <function other_punctuation at 0x000001C495258790>]>
2026-06-15 09:22:31 | DEBUG    | gtts.tts | timeout: None
2026-06-15 09:22:31 | DEBUG    | gtts.lang | langs: {'af': 'Afrikaans', 'am': 'Amharic', 'ar': 'Arabic', 'bg': 'Bulgarian', 'bn': 'Bengali', 'bs': 'Bosnian', 'ca': 'Catalan', 'cs': 'Czech', 'cy': 'Welsh', 'da': 'Danish', 'de': 'German', 'el': 'Greek', 'en': 'English', 'es': 'Spanish', 'et': 'Estonian', 'eu': 'Basque', 'fi': 'Finnish', 'fr': 'French', 'fr-CA': 'French (Canada)', 'gl': 'Galician', 'gu': 'Gujarati', 'ha': 'Hausa', 'hi': 'Hindi', 'hr': 'Croatian', 'hu': 'Hungarian', 'id': 'Indonesian', 'is': 'Icelandic', 'it': 'Italian', 'iw': 'Hebrew', 'ja': 'Japanese', 'jw': 'Javanese', 'km': 'Khmer', 'kn': 'Kannada', 'ko': 'Korean', 'la': 'Latin', 'lt': 'Lithuanian', 'lv': 'Latvian', 'ml': 'Malayalam', 'mr': 'Marathi', 'ms': 'Malay', 'my': 'Myanmar (Burmese)', 'ne': 'Nepali', 'nl': 'Dutch', 'no': 'Norwegian', 'pa': 'Punjabi (Gurmukhi)', 'pl': 'Polish', 'pt': 'Portuguese (Brazil)', 'pt-PT': 'Portuguese (Portugal)', 'ro': 'Romanian', 'ru': 'Russian', 'si': 'Sinhala', 'sk': 'Slovak', 'sq': 'Albanian', 'sr': 'Serbian', 'su': 'Sundanese', 'sv': 'Swedish', 'sw': 'Swahili', 'ta': 'Tamil', 'te': 'Telugu', 'th': 'Thai', 'tl': 'Filipino', 'tr': 'Turkish', 'uk': 'Ukrainian', 'ur': 'Urdu', 'vi': 'Vietnamese', 'yue': 'Cantonese', 'zh-CN': 'Chinese (Simplified)', 'zh-TW': 'Chinese (Mandarin/Taiwan)', 'zh': 'Chinese (Mandarin)'}
2026-06-15 09:22:31 | DEBUG    | gtts.tts | pre-processing: <function tone_marks at 0x000001C4952AB9A0>
2026-06-15 09:22:31 | DEBUG    | gtts.tts | pre-processing: <function end_of_line at 0x000001C495258310>
2026-06-15 09:22:31 | DEBUG    | gtts.tts | pre-processing: <function abbreviations at 0x000001C495258280>
2026-06-15 09:22:31 | DEBUG    | gtts.tts | pre-processing: <function word_sub at 0x000001C495258430>
2026-06-15 09:22:31 | DEBUG    | gtts.tts | text_parts: ['May I know your full name, please?']
2026-06-15 09:22:31 | DEBUG    | gtts.tts | text_parts: 1
2026-06-15 09:22:31 | DEBUG    | gtts.tts | data-0: f.req=%5B%5B%5B%22jQ1olc%22%2C%22%5B%5C%22May%20I%20know%20your%20full%20name%2C%20please%3F%5C%22%2C%5C%22en%5C%22%2Cnull%2C%5C%22null%5C%22%5D%22%2Cnull%2C%22generic%22%5D%5D%5D&
2026-06-15 09:22:31 | DEBUG    | urllib3.connectionpool | Starting new HTTPS connection (1): translate.google.com:443
2026-06-15 09:22:31 | DEBUG    | urllib3.connectionpool | https://translate.google.com:443 "POST /_/TranslateWebserverUi/data/batchexecute HTTP/1.1" 200 None
2026-06-15 09:22:31 | DEBUG    | gtts.tts | headers-0: {'Referer': 'http://translate.google.com/', 'User-Agent': 'Mozilla/5.0 (Windows NT 10.0; WOW64) AppleWebKit/537.36 (KHTML, like Gecko) Chrome/47.0.2526.106 Safari/537.36', 'Content-Type': 'application/x-www-form-urlencoded;charset=utf-8', 'Content-Length': '180'}
2026-06-15 09:22:31 | DEBUG    | gtts.tts | url-0: https://translate.google.com/_/TranslateWebserverUi/data/batchexecute
2026-06-15 09:22:31 | DEBUG    | gtts.tts | status-0: 200
2026-06-15 09:22:31 | DEBUG    | gtts.tts | part-0 written to <_io.BufferedWriter name='C:\\Users\\AGNIMI~1\\AppData\\Local\\Temp\\tmp05sf5lw8.mp3'>
2026-06-15 09:22:31 | DEBUG    | gtts.tts | part-0 created
2026-06-15 09:22:31 | DEBUG    | gtts.tts | Saved to C:\Users\AGNIMI~1\AppData\Local\Temp\tmp05sf5lw8.mp3
2026-06-15 09:22:34 | DEBUG    | src.speech_recognizer | Adjusting for ambient noise...
2026-06-15 09:22:35 | DEBUG    | src.speech_recognizer | Listening...
2026-06-15 09:22:40 | INFO     | src.speech_recognizer | Google STT [en-US]: 'my name ise Agni Rudra Banerjee'
2026-06-15 09:22:40 | INFO     | src.speech_recognizer | English probe: {'text': 'my name ise Agni Rudra Banerjee', 'lang': 'en'}
2026-06-15 09:22:41 | INFO     | src.speech_recognizer | Google STT [hi-IN]: 'माय नेम इस अग्नि रूद्र बनर्जी'
2026-06-15 09:22:41 | INFO     | src.speech_recognizer | Native script detected via [hi-IN]: 'माय नेम इस अग्नि रूद्र बनर्जी' -> lang=hi
2026-06-15 09:25:43 | INFO     | src.bot_controller | Initializing BotController and all modules...
2026-06-15 09:25:43 | INFO     | src.speech_recognizer | SpeechRecognizer ready.
2026-06-15 09:25:43 | INFO     | src.language_detector | LanguageDetector initialized.
2026-06-15 09:25:43 | INFO     | src.text_to_speech | TextToSpeech ready. gTTS=YES, pyttsx3=NO
2026-06-15 09:25:43 | INFO     | src.conversation_manager | ConversationManager initialized with 4 questions.
2026-06-15 09:25:43 | DEBUG    | src.database_manager | Database schema verified.
2026-06-15 09:25:43 | INFO     | src.database_manager | DatabaseManager ready. DB path: C:\Users\Agnimitra Banerjee\Speech_AI_Bot\database\visitor_logs.db
2026-06-15 09:25:43 | INFO     | src.bot_controller | BotController initialized successfully.
2026-06-15 09:25:45 | INFO     | src.bot_controller | User pressed START key.
2026-06-15 09:25:45 | INFO     | src.database_manager | Session created: ffd32eac-9d3c-422e-8172-b65005884769
2026-06-15 09:25:45 | INFO     | src.bot_controller | Session started: ffd32eac-9d3c-422e-8172-b65005884769
2026-06-15 09:25:45 | DEBUG    | gtts.tts | text: Hello, welcome Here!
2026-06-15 09:25:45 | DEBUG    | gtts.tts | tld: com
2026-06-15 09:25:45 | DEBUG    | gtts.tts | lang: en
2026-06-15 09:25:45 | DEBUG    | gtts.tts | slow: False
2026-06-15 09:25:45 | DEBUG    | gtts.tts | lang_check: True
2026-06-15 09:25:45 | DEBUG    | gtts.tts | pre_processor_funcs: [<function tone_marks at 0x000001F48954BB50>, <function end_of_line at 0x000001F4895004C0>, <function abbreviations at 0x000001F489500430>, <function word_sub at 0x000001F4895005E0>]
2026-06-15 09:25:45 | DEBUG    | gtts.tts | tokenizer_func: <bound method Tokenizer.run of re.compile('(?<=\\?).|(?<=!).|(?<=？).|(?<=！).|(?<!\\.[a-z])\\. |(?<!\\.[a-z]), |(?<!\\d):|…|—|،|\\]|：|\\)|。|\\\n|\\(|;|¡|‥|、|¿|，|\\[', re.IGNORECASE) from: [<function tone_marks at 0x000001F489500790>, <function period_comma at 0x000001F489500820>, <function colon at 0x000001F4895008B0>, <function other_punctuation at 0x000001F489500940>]>
2026-06-15 09:25:45 | DEBUG    | gtts.tts | timeout: None
2026-06-15 09:25:45 | DEBUG    | gtts.lang | langs: {'af': 'Afrikaans', 'am': 'Amharic', 'ar': 'Arabic', 'bg': 'Bulgarian', 'bn': 'Bengali', 'bs': 'Bosnian', 'ca': 'Catalan', 'cs': 'Czech', 'cy': 'Welsh', 'da': 'Danish', 'de': 'German', 'el': 'Greek', 'en': 'English', 'es': 'Spanish', 'et': 'Estonian', 'eu': 'Basque', 'fi': 'Finnish', 'fr': 'French', 'fr-CA': 'French (Canada)', 'gl': 'Galician', 'gu': 'Gujarati', 'ha': 'Hausa', 'hi': 'Hindi', 'hr': 'Croatian', 'hu': 'Hungarian', 'id': 'Indonesian', 'is': 'Icelandic', 'it': 'Italian', 'iw': 'Hebrew', 'ja': 'Japanese', 'jw': 'Javanese', 'km': 'Khmer', 'kn': 'Kannada', 'ko': 'Korean', 'la': 'Latin', 'lt': 'Lithuanian', 'lv': 'Latvian', 'ml': 'Malayalam', 'mr': 'Marathi', 'ms': 'Malay', 'my': 'Myanmar (Burmese)', 'ne': 'Nepali', 'nl': 'Dutch', 'no': 'Norwegian', 'pa': 'Punjabi (Gurmukhi)', 'pl': 'Polish', 'pt': 'Portuguese (Brazil)', 'pt-PT': 'Portuguese (Portugal)', 'ro': 'Romanian', 'ru': 'Russian', 'si': 'Sinhala', 'sk': 'Slovak', 'sq': 'Albanian', 'sr': 'Serbian', 'su': 'Sundanese', 'sv': 'Swedish', 'sw': 'Swahili', 'ta': 'Tamil', 'te': 'Telugu', 'th': 'Thai', 'tl': 'Filipino', 'tr': 'Turkish', 'uk': 'Ukrainian', 'ur': 'Urdu', 'vi': 'Vietnamese', 'yue': 'Cantonese', 'zh-CN': 'Chinese (Simplified)', 'zh-TW': 'Chinese (Mandarin/Taiwan)', 'zh': 'Chinese (Mandarin)'}
2026-06-15 09:25:45 | DEBUG    | gtts.tts | pre-processing: <function tone_marks at 0x000001F48954BB50>
2026-06-15 09:25:45 | DEBUG    | gtts.tts | pre-processing: <function end_of_line at 0x000001F4895004C0>
2026-06-15 09:25:45 | DEBUG    | gtts.tts | pre-processing: <function abbreviations at 0x000001F489500430>
2026-06-15 09:25:45 | DEBUG    | gtts.tts | pre-processing: <function word_sub at 0x000001F4895005E0>
2026-06-15 09:25:45 | DEBUG    | gtts.tts | text_parts: ['Hello, welcome Here!']
2026-06-15 09:25:45 | DEBUG    | gtts.tts | text_parts: 1
2026-06-15 09:25:45 | DEBUG    | gtts.tts | data-0: f.req=%5B%5B%5B%22jQ1olc%22%2C%22%5B%5C%22Hello%2C%20welcome%20Here%21%5C%22%2C%5C%22en%5C%22%2Cnull%2C%5C%22null%5C%22%5D%22%2Cnull%2C%22generic%22%5D%5D%5D&
2026-06-15 09:25:45 | DEBUG    | urllib3.connectionpool | Starting new HTTPS connection (1): translate.google.com:443
2026-06-15 09:25:45 | DEBUG    | urllib3.connectionpool | https://translate.google.com:443 "POST /_/TranslateWebserverUi/data/batchexecute HTTP/1.1" 200 None
2026-06-15 09:25:45 | DEBUG    | gtts.tts | headers-0: {'Referer': 'http://translate.google.com/', 'User-Agent': 'Mozilla/5.0 (Windows NT 10.0; WOW64) AppleWebKit/537.36 (KHTML, like Gecko) Chrome/47.0.2526.106 Safari/537.36', 'Content-Type': 'application/x-www-form-urlencoded;charset=utf-8', 'Content-Length': '158'}
2026-06-15 09:25:45 | DEBUG    | gtts.tts | url-0: https://translate.google.com/_/TranslateWebserverUi/data/batchexecute
2026-06-15 09:25:45 | DEBUG    | gtts.tts | status-0: 200
2026-06-15 09:25:45 | DEBUG    | gtts.tts | part-0 written to <_io.BufferedWriter name='C:\\Users\\AGNIMI~1\\AppData\\Local\\Temp\\tmpxxoqybmg.mp3'>
2026-06-15 09:25:45 | DEBUG    | gtts.tts | part-0 created
2026-06-15 09:25:45 | DEBUG    | gtts.tts | Saved to C:\Users\AGNIMI~1\AppData\Local\Temp\tmpxxoqybmg.mp3
2026-06-15 09:25:48 | DEBUG    | src.database_manager | Event logged [greeting]: 'Hello, welcome Here!'
2026-06-15 09:25:48 | DEBUG    | gtts.tts | text: May I know your full name, please?
2026-06-15 09:25:48 | DEBUG    | gtts.tts | tld: com
2026-06-15 09:25:48 | DEBUG    | gtts.tts | lang: en
2026-06-15 09:25:48 | DEBUG    | gtts.tts | slow: False
2026-06-15 09:25:48 | DEBUG    | gtts.tts | lang_check: True
2026-06-15 09:25:48 | DEBUG    | gtts.tts | pre_processor_funcs: [<function tone_marks at 0x000001F48954BB50>, <function end_of_line at 0x000001F4895004C0>, <function abbreviations at 0x000001F489500430>, <function word_sub at 0x000001F4895005E0>]
2026-06-15 09:25:48 | DEBUG    | gtts.tts | tokenizer_func: <bound method Tokenizer.run of re.compile('(?<=\\?).|(?<=!).|(?<=？).|(?<=！).|(?<!\\.[a-z])\\. |(?<!\\.[a-z]), |(?<!\\d):|…|—|،|\\]|：|\\)|。|\\\n|\\(|;|¡|‥|、|¿|，|\\[', re.IGNORECASE) from: [<function tone_marks at 0x000001F489500790>, <function period_comma at 0x000001F489500820>, <function colon at 0x000001F4895008B0>, <function other_punctuation at 0x000001F489500940>]>
2026-06-15 09:25:48 | DEBUG    | gtts.tts | timeout: None
2026-06-15 09:25:48 | DEBUG    | gtts.lang | langs: {'af': 'Afrikaans', 'am': 'Amharic', 'ar': 'Arabic', 'bg': 'Bulgarian', 'bn': 'Bengali', 'bs': 'Bosnian', 'ca': 'Catalan', 'cs': 'Czech', 'cy': 'Welsh', 'da': 'Danish', 'de': 'German', 'el': 'Greek', 'en': 'English', 'es': 'Spanish', 'et': 'Estonian', 'eu': 'Basque', 'fi': 'Finnish', 'fr': 'French', 'fr-CA': 'French (Canada)', 'gl': 'Galician', 'gu': 'Gujarati', 'ha': 'Hausa', 'hi': 'Hindi', 'hr': 'Croatian', 'hu': 'Hungarian', 'id': 'Indonesian', 'is': 'Icelandic', 'it': 'Italian', 'iw': 'Hebrew', 'ja': 'Japanese', 'jw': 'Javanese', 'km': 'Khmer', 'kn': 'Kannada', 'ko': 'Korean', 'la': 'Latin', 'lt': 'Lithuanian', 'lv': 'Latvian', 'ml': 'Malayalam', 'mr': 'Marathi', 'ms': 'Malay', 'my': 'Myanmar (Burmese)', 'ne': 'Nepali', 'nl': 'Dutch', 'no': 'Norwegian', 'pa': 'Punjabi (Gurmukhi)', 'pl': 'Polish', 'pt': 'Portuguese (Brazil)', 'pt-PT': 'Portuguese (Portugal)', 'ro': 'Romanian', 'ru': 'Russian', 'si': 'Sinhala', 'sk': 'Slovak', 'sq': 'Albanian', 'sr': 'Serbian', 'su': 'Sundanese', 'sv': 'Swedish', 'sw': 'Swahili', 'ta': 'Tamil', 'te': 'Telugu', 'th': 'Thai', 'tl': 'Filipino', 'tr': 'Turkish', 'uk': 'Ukrainian', 'ur': 'Urdu', 'vi': 'Vietnamese', 'yue': 'Cantonese', 'zh-CN': 'Chinese (Simplified)', 'zh-TW': 'Chinese (Mandarin/Taiwan)', 'zh': 'Chinese (Mandarin)'}
2026-06-15 09:25:48 | DEBUG    | gtts.tts | pre-processing: <function tone_marks at 0x000001F48954BB50>
2026-06-15 09:25:48 | DEBUG    | gtts.tts | pre-processing: <function end_of_line at 0x000001F4895004C0>
2026-06-15 09:25:48 | DEBUG    | gtts.tts | pre-processing: <function abbreviations at 0x000001F489500430>
2026-06-15 09:25:48 | DEBUG    | gtts.tts | pre-processing: <function word_sub at 0x000001F4895005E0>
2026-06-15 09:25:48 | DEBUG    | gtts.tts | text_parts: ['May I know your full name, please?']
2026-06-15 09:25:48 | DEBUG    | gtts.tts | text_parts: 1
2026-06-15 09:25:48 | DEBUG    | gtts.tts | data-0: f.req=%5B%5B%5B%22jQ1olc%22%2C%22%5B%5C%22May%20I%20know%20your%20full%20name%2C%20please%3F%5C%22%2C%5C%22en%5C%22%2Cnull%2C%5C%22null%5C%22%5D%22%2Cnull%2C%22generic%22%5D%5D%5D&
2026-06-15 09:25:48 | DEBUG    | urllib3.connectionpool | Starting new HTTPS connection (1): translate.google.com:443
2026-06-15 09:25:49 | DEBUG    | urllib3.connectionpool | https://translate.google.com:443 "POST /_/TranslateWebserverUi/data/batchexecute HTTP/1.1" 200 None
2026-06-15 09:25:49 | DEBUG    | gtts.tts | headers-0: {'Referer': 'http://translate.google.com/', 'User-Agent': 'Mozilla/5.0 (Windows NT 10.0; WOW64) AppleWebKit/537.36 (KHTML, like Gecko) Chrome/47.0.2526.106 Safari/537.36', 'Content-Type': 'application/x-www-form-urlencoded;charset=utf-8', 'Content-Length': '180'}
2026-06-15 09:25:49 | DEBUG    | gtts.tts | url-0: https://translate.google.com/_/TranslateWebserverUi/data/batchexecute
2026-06-15 09:25:49 | DEBUG    | gtts.tts | status-0: 200
2026-06-15 09:25:49 | DEBUG    | gtts.tts | part-0 written to <_io.BufferedWriter name='C:\\Users\\AGNIMI~1\\AppData\\Local\\Temp\\tmpdjw3gb41.mp3'>
2026-06-15 09:25:49 | DEBUG    | gtts.tts | part-0 created
2026-06-15 09:25:49 | DEBUG    | gtts.tts | Saved to C:\Users\AGNIMI~1\AppData\Local\Temp\tmpdjw3gb41.mp3
2026-06-15 09:25:52 | DEBUG    | src.speech_recognizer | Adjusting for ambient noise...
2026-06-15 09:25:52 | DEBUG    | src.speech_recognizer | Listening...
2026-06-15 09:25:56 | INFO     | src.speech_recognizer | Google STT [en-US]: 'my name is Agni Banerjee'
2026-06-15 09:25:56 | INFO     | src.speech_recognizer | English probe: {'text': 'my name is Agni Banerjee', 'lang': 'en'}
2026-06-15 09:25:57 | INFO     | src.speech_recognizer | Google STT [hi-IN]: 'माय नेम इस अग्नि बनर्जी'
2026-06-15 09:25:57 | INFO     | src.speech_recognizer | Native script detected via [hi-IN]: 'माय नेम इस अग्नि बनर्जी' -> lang=hi
2026-06-15 09:25:57 | INFO     | src.bot_controller | Language confirmed via native script: hi (Hindi)
2026-06-15 09:25:57 | DEBUG    | src.database_manager | Answer logged [full_name]: 'माय नेम इस अग्नि बनर्जी'
2026-06-15 09:25:57 | DEBUG    | urllib3.connectionpool | Starting new HTTPS connection (1): translate.google.com:443
2026-06-15 09:25:58 | DEBUG    | urllib3.connectionpool | https://translate.google.com:443 "GET /m?tl=hi&sl=en&q=Whom+would+you+like+to+meet+today%3F HTTP/1.1" 200 None
2026-06-15 09:25:58 | DEBUG    | src.language_detector | Translated [hi]: 'Whom would you like to meet today?' -> 'आज आप किससे मिलना चाहेंगे?'
2026-06-15 09:25:58 | DEBUG    | gtts.tts | text: आज आप किससे मिलना चाहेंगे?
2026-06-15 09:25:58 | DEBUG    | gtts.tts | tld: com
2026-06-15 09:25:58 | DEBUG    | gtts.tts | lang: hi
2026-06-15 09:25:58 | DEBUG    | gtts.tts | slow: False
2026-06-15 09:25:58 | DEBUG    | gtts.tts | lang_check: True
2026-06-15 09:25:58 | DEBUG    | gtts.tts | pre_processor_funcs: [<function tone_marks at 0x000001F48954BB50>, <function end_of_line at 0x000001F4895004C0>, <function abbreviations at 0x000001F489500430>, <function word_sub at 0x000001F4895005E0>]
2026-06-15 09:25:58 | DEBUG    | gtts.tts | tokenizer_func: <bound method Tokenizer.run of re.compile('(?<=\\?).|(?<=!).|(?<=？).|(?<=！).|(?<!\\.[a-z])\\. |(?<!\\.[a-z]), |(?<!\\d):|…|—|،|\\]|：|\\)|。|\\\n|\\(|;|¡|‥|、|¿|，|\\[', re.IGNORECASE) from: [<function tone_marks at 0x000001F489500790>, <function period_comma at 0x000001F489500820>, <function colon at 0x000001F4895008B0>, <function other_punctuation at 0x000001F489500940>]>
2026-06-15 09:25:58 | DEBUG    | gtts.tts | timeout: None
2026-06-15 09:25:58 | DEBUG    | gtts.lang | langs: {'af': 'Afrikaans', 'am': 'Amharic', 'ar': 'Arabic', 'bg': 'Bulgarian', 'bn': 'Bengali', 'bs': 'Bosnian', 'ca': 'Catalan', 'cs': 'Czech', 'cy': 'Welsh', 'da': 'Danish', 'de': 'German', 'el': 'Greek', 'en': 'English', 'es': 'Spanish', 'et': 'Estonian', 'eu': 'Basque', 'fi': 'Finnish', 'fr': 'French', 'fr-CA': 'French (Canada)', 'gl': 'Galician', 'gu': 'Gujarati', 'ha': 'Hausa', 'hi': 'Hindi', 'hr': 'Croatian', 'hu': 'Hungarian', 'id': 'Indonesian', 'is': 'Icelandic', 'it': 'Italian', 'iw': 'Hebrew', 'ja': 'Japanese', 'jw': 'Javanese', 'km': 'Khmer', 'kn': 'Kannada', 'ko': 'Korean', 'la': 'Latin', 'lt': 'Lithuanian', 'lv': 'Latvian', 'ml': 'Malayalam', 'mr': 'Marathi', 'ms': 'Malay', 'my': 'Myanmar (Burmese)', 'ne': 'Nepali', 'nl': 'Dutch', 'no': 'Norwegian', 'pa': 'Punjabi (Gurmukhi)', 'pl': 'Polish', 'pt': 'Portuguese (Brazil)', 'pt-PT': 'Portuguese (Portugal)', 'ro': 'Romanian', 'ru': 'Russian', 'si': 'Sinhala', 'sk': 'Slovak', 'sq': 'Albanian', 'sr': 'Serbian', 'su': 'Sundanese', 'sv': 'Swedish', 'sw': 'Swahili', 'ta': 'Tamil', 'te': 'Telugu', 'th': 'Thai', 'tl': 'Filipino', 'tr': 'Turkish', 'uk': 'Ukrainian', 'ur': 'Urdu', 'vi': 'Vietnamese', 'yue': 'Cantonese', 'zh-CN': 'Chinese (Simplified)', 'zh-TW': 'Chinese (Mandarin/Taiwan)', 'zh': 'Chinese (Mandarin)'}
2026-06-15 09:25:58 | DEBUG    | gtts.tts | pre-processing: <function tone_marks at 0x000001F48954BB50>
2026-06-15 09:25:58 | DEBUG    | gtts.tts | pre-processing: <function end_of_line at 0x000001F4895004C0>
2026-06-15 09:25:58 | DEBUG    | gtts.tts | pre-processing: <function abbreviations at 0x000001F489500430>
2026-06-15 09:25:58 | DEBUG    | gtts.tts | pre-processing: <function word_sub at 0x000001F4895005E0>
2026-06-15 09:25:58 | DEBUG    | gtts.tts | text_parts: ['आज आप किससे मिलना चाहेंगे?']
2026-06-15 09:25:58 | DEBUG    | gtts.tts | text_parts: 1
2026-06-15 09:25:58 | DEBUG    | gtts.tts | data-0: f.req=%5B%5B%5B%22jQ1olc%22%2C%22%5B%5C%22%5C%5Cu0906%5C%5Cu091c%20%5C%5Cu0906%5C%5Cu092a%20%5C%5Cu0915%5C%5Cu093f%5C%5Cu0938%5C%5Cu0938%5C%5Cu0947%20%5C%5Cu092e%5C%5Cu093f%5C%5Cu0932%5C%5Cu0928%5C%5Cu093e%20%5C%5Cu091a%5C%5Cu093e%5C%5Cu0939%5C%5Cu0947%5C%5Cu0902%5C%5Cu0917%5C%5Cu0947%3F%5C%22%2C%5C%22hi%5C%22%2Cnull%2C%5C%22null%5C%22%5D%22%2Cnull%2C%22generic%22%5D%5D%5D&
2026-06-15 09:25:58 | DEBUG    | urllib3.connectionpool | Starting new HTTPS connection (1): translate.google.com:443
2026-06-15 09:25:59 | DEBUG    | urllib3.connectionpool | https://translate.google.com:443 "POST /_/TranslateWebserverUi/data/batchexecute HTTP/1.1" 200 None
2026-06-15 09:25:59 | DEBUG    | gtts.tts | headers-0: {'Referer': 'http://translate.google.com/', 'User-Agent': 'Mozilla/5.0 (Windows NT 10.0; WOW64) AppleWebKit/537.36 (KHTML, like Gecko) Chrome/47.0.2526.106 Safari/537.36', 'Content-Type': 'application/x-www-form-urlencoded;charset=utf-8', 'Content-Length': '376'}
2026-06-15 09:25:59 | DEBUG    | gtts.tts | url-0: https://translate.google.com/_/TranslateWebserverUi/data/batchexecute
2026-06-15 09:25:59 | DEBUG    | gtts.tts | status-0: 200
2026-06-15 09:25:59 | DEBUG    | gtts.tts | part-0 written to <_io.BufferedWriter name='C:\\Users\\AGNIMI~1\\AppData\\Local\\Temp\\tmpvqqp8j35.mp3'>
2026-06-15 09:25:59 | DEBUG    | gtts.tts | part-0 created
2026-06-15 09:25:59 | DEBUG    | gtts.tts | Saved to C:\Users\AGNIMI~1\AppData\Local\Temp\tmpvqqp8j35.mp3
2026-06-15 09:26:02 | DEBUG    | src.speech_recognizer | Adjusting for ambient noise...
2026-06-15 09:26:02 | DEBUG    | src.speech_recognizer | Listening...
2026-06-15 09:26:06 | INFO     | src.speech_recognizer | Google STT [hi-IN]: 'मैं विराट से मिलना चाहता हूं'
2026-06-15 09:26:06 | DEBUG    | src.database_manager | Answer logged [person_to_meet]: 'मैं विराट से मिलना चाहता हूं'
2026-06-15 09:26:06 | DEBUG    | urllib3.connectionpool | Starting new HTTPS connection (1): translate.google.com:443
2026-06-15 09:26:06 | DEBUG    | urllib3.connectionpool | https://translate.google.com:443 "GET /m?tl=hi&sl=en&q=What+is+the+purpose+of+your+visit+here%3F HTTP/1.1" 200 None
2026-06-15 09:26:07 | DEBUG    | src.language_detector | Translated [hi]: 'What is the purpose of your visit here?' -> 'आपके यहाँ आने का उद्देश्य क्या है?'
2026-06-15 09:26:07 | DEBUG    | gtts.tts | text: आपके यहाँ आने का उद्देश्य क्या है?
2026-06-15 09:26:07 | DEBUG    | gtts.tts | tld: com
2026-06-15 09:26:07 | DEBUG    | gtts.tts | lang: hi
2026-06-15 09:26:07 | DEBUG    | gtts.tts | slow: False
2026-06-15 09:26:07 | DEBUG    | gtts.tts | lang_check: True
2026-06-15 09:26:07 | DEBUG    | gtts.tts | pre_processor_funcs: [<function tone_marks at 0x000001F48954BB50>, <function end_of_line at 0x000001F4895004C0>, <function abbreviations at 0x000001F489500430>, <function word_sub at 0x000001F4895005E0>]
2026-06-15 09:26:07 | DEBUG    | gtts.tts | tokenizer_func: <bound method Tokenizer.run of re.compile('(?<=\\?).|(?<=!).|(?<=？).|(?<=！).|(?<!\\.[a-z])\\. |(?<!\\.[a-z]), |(?<!\\d):|…|—|،|\\]|：|\\)|。|\\\n|\\(|;|¡|‥|、|¿|，|\\[', re.IGNORECASE) from: [<function tone_marks at 0x000001F489500790>, <function period_comma at 0x000001F489500820>, <function colon at 0x000001F4895008B0>, <function other_punctuation at 0x000001F489500940>]>
2026-06-15 09:26:07 | DEBUG    | gtts.tts | timeout: None
2026-06-15 09:26:07 | DEBUG    | gtts.lang | langs: {'af': 'Afrikaans', 'am': 'Amharic', 'ar': 'Arabic', 'bg': 'Bulgarian', 'bn': 'Bengali', 'bs': 'Bosnian', 'ca': 'Catalan', 'cs': 'Czech', 'cy': 'Welsh', 'da': 'Danish', 'de': 'German', 'el': 'Greek', 'en': 'English', 'es': 'Spanish', 'et': 'Estonian', 'eu': 'Basque', 'fi': 'Finnish', 'fr': 'French', 'fr-CA': 'French (Canada)', 'gl': 'Galician', 'gu': 'Gujarati', 'ha': 'Hausa', 'hi': 'Hindi', 'hr': 'Croatian', 'hu': 'Hungarian', 'id': 'Indonesian', 'is': 'Icelandic', 'it': 'Italian', 'iw': 'Hebrew', 'ja': 'Japanese', 'jw': 'Javanese', 'km': 'Khmer', 'kn': 'Kannada', 'ko': 'Korean', 'la': 'Latin', 'lt': 'Lithuanian', 'lv': 'Latvian', 'ml': 'Malayalam', 'mr': 'Marathi', 'ms': 'Malay', 'my': 'Myanmar (Burmese)', 'ne': 'Nepali', 'nl': 'Dutch', 'no': 'Norwegian', 'pa': 'Punjabi (Gurmukhi)', 'pl': 'Polish', 'pt': 'Portuguese (Brazil)', 'pt-PT': 'Portuguese (Portugal)', 'ro': 'Romanian', 'ru': 'Russian', 'si': 'Sinhala', 'sk': 'Slovak', 'sq': 'Albanian', 'sr': 'Serbian', 'su': 'Sundanese', 'sv': 'Swedish', 'sw': 'Swahili', 'ta': 'Tamil', 'te': 'Telugu', 'th': 'Thai', 'tl': 'Filipino', 'tr': 'Turkish', 'uk': 'Ukrainian', 'ur': 'Urdu', 'vi': 'Vietnamese', 'yue': 'Cantonese', 'zh-CN': 'Chinese (Simplified)', 'zh-TW': 'Chinese (Mandarin/Taiwan)', 'zh': 'Chinese (Mandarin)'}
2026-06-15 09:26:07 | DEBUG    | gtts.tts | pre-processing: <function tone_marks at 0x000001F48954BB50>
2026-06-15 09:26:07 | DEBUG    | gtts.tts | pre-processing: <function end_of_line at 0x000001F4895004C0>
2026-06-15 09:26:07 | DEBUG    | gtts.tts | pre-processing: <function abbreviations at 0x000001F489500430>
2026-06-15 09:26:07 | DEBUG    | gtts.tts | pre-processing: <function word_sub at 0x000001F4895005E0>
2026-06-15 09:26:07 | DEBUG    | gtts.tts | text_parts: ['आपके यहाँ आने का उद्देश्य क्या है?']
2026-06-15 09:26:07 | DEBUG    | gtts.tts | text_parts: 1
2026-06-15 09:26:07 | DEBUG    | gtts.tts | data-0: f.req=%5B%5B%5B%22jQ1olc%22%2C%22%5B%5C%22%5C%5Cu0906%5C%5Cu092a%5C%5Cu0915%5C%5Cu0947%20%5C%5Cu092f%5C%5Cu0939%5C%5Cu093e%5C%5Cu0901%20%5C%5Cu0906%5C%5Cu0928%5C%5Cu0947%20%5C%5Cu0915%5C%5Cu093e%20%5C%5Cu0909%5C%5Cu0926%5C%5Cu094d%5C%5Cu0926%5C%5Cu0947%5C%5Cu0936%5C%5Cu094d%5C%5Cu092f%20%5C%5Cu0915%5C%5Cu094d%5C%5Cu092f%5C%5Cu093e%20%5C%5Cu0939%5C%5Cu0948%3F%5C%22%2C%5C%22hi%5C%22%2Cnull%2C%5C%22null%5C%22%5D%22%2Cnull%2C%22generic%22%5D%5D%5D&
2026-06-15 09:26:07 | DEBUG    | urllib3.connectionpool | Starting new HTTPS connection (1): translate.google.com:443
2026-06-15 09:26:08 | DEBUG    | urllib3.connectionpool | https://translate.google.com:443 "POST /_/TranslateWebserverUi/data/batchexecute HTTP/1.1" 200 None
2026-06-15 09:26:08 | DEBUG    | gtts.tts | headers-0: {'Referer': 'http://translate.google.com/', 'User-Agent': 'Mozilla/5.0 (Windows NT 10.0; WOW64) AppleWebKit/537.36 (KHTML, like Gecko) Chrome/47.0.2526.106 Safari/537.36', 'Content-Type': 'application/x-www-form-urlencoded;charset=utf-8', 'Content-Length': '448'}
2026-06-15 09:26:08 | DEBUG    | gtts.tts | url-0: https://translate.google.com/_/TranslateWebserverUi/data/batchexecute
2026-06-15 09:26:08 | DEBUG    | gtts.tts | status-0: 200
2026-06-15 09:26:08 | DEBUG    | gtts.tts | part-0 written to <_io.BufferedWriter name='C:\\Users\\AGNIMI~1\\AppData\\Local\\Temp\\tmpqd5li51r.mp3'>
2026-06-15 09:26:08 | DEBUG    | gtts.tts | part-0 created
2026-06-15 09:26:08 | DEBUG    | gtts.tts | Saved to C:\Users\AGNIMI~1\AppData\Local\Temp\tmpqd5li51r.mp3
2026-06-15 09:26:11 | DEBUG    | src.speech_recognizer | Adjusting for ambient noise...
2026-06-15 09:26:12 | DEBUG    | src.speech_recognizer | Listening...
2026-06-15 09:26:16 | INFO     | src.speech_recognizer | Google STT [hi-IN]: 'मैं से मेरा बेड सेंड करवाना'
2026-06-15 09:26:16 | DEBUG    | src.database_manager | Answer logged [purpose]: 'मैं से मेरा बेड सेंड करवाना'
2026-06-15 09:26:16 | DEBUG    | urllib3.connectionpool | Starting new HTTPS connection (1): translate.google.com:443
2026-06-15 09:26:17 | DEBUG    | urllib3.connectionpool | https://translate.google.com:443 "GET /m?tl=hi&sl=en&q=Where+are+you+coming+from%3F HTTP/1.1" 200 None
2026-06-15 09:26:17 | DEBUG    | src.language_detector | Translated [hi]: 'Where are you coming from?' -> 'आप कहां से आ रहे हैं?'
2026-06-15 09:26:17 | DEBUG    | gtts.tts | text: आप कहां से आ रहे हैं?
2026-06-15 09:26:17 | DEBUG    | gtts.tts | tld: com
2026-06-15 09:26:17 | DEBUG    | gtts.tts | lang: hi
2026-06-15 09:26:17 | DEBUG    | gtts.tts | slow: False
2026-06-15 09:26:17 | DEBUG    | gtts.tts | lang_check: True
2026-06-15 09:26:17 | DEBUG    | gtts.tts | pre_processor_funcs: [<function tone_marks at 0x000001F48954BB50>, <function end_of_line at 0x000001F4895004C0>, <function abbreviations at 0x000001F489500430>, <function word_sub at 0x000001F4895005E0>]
2026-06-15 09:26:17 | DEBUG    | gtts.tts | tokenizer_func: <bound method Tokenizer.run of re.compile('(?<=\\?).|(?<=!).|(?<=？).|(?<=！).|(?<!\\.[a-z])\\. |(?<!\\.[a-z]), |(?<!\\d):|…|—|،|\\]|：|\\)|。|\\\n|\\(|;|¡|‥|、|¿|，|\\[', re.IGNORECASE) from: [<function tone_marks at 0x000001F489500790>, <function period_comma at 0x000001F489500820>, <function colon at 0x000001F4895008B0>, <function other_punctuation at 0x000001F489500940>]>
2026-06-15 09:26:17 | DEBUG    | gtts.tts | timeout: None
2026-06-15 09:26:17 | DEBUG    | gtts.lang | langs: {'af': 'Afrikaans', 'am': 'Amharic', 'ar': 'Arabic', 'bg': 'Bulgarian', 'bn': 'Bengali', 'bs': 'Bosnian', 'ca': 'Catalan', 'cs': 'Czech', 'cy': 'Welsh', 'da': 'Danish', 'de': 'German', 'el': 'Greek', 'en': 'English', 'es': 'Spanish', 'et': 'Estonian', 'eu': 'Basque', 'fi': 'Finnish', 'fr': 'French', 'fr-CA': 'French (Canada)', 'gl': 'Galician', 'gu': 'Gujarati', 'ha': 'Hausa', 'hi': 'Hindi', 'hr': 'Croatian', 'hu': 'Hungarian', 'id': 'Indonesian', 'is': 'Icelandic', 'it': 'Italian', 'iw': 'Hebrew', 'ja': 'Japanese', 'jw': 'Javanese', 'km': 'Khmer', 'kn': 'Kannada', 'ko': 'Korean', 'la': 'Latin', 'lt': 'Lithuanian', 'lv': 'Latvian', 'ml': 'Malayalam', 'mr': 'Marathi', 'ms': 'Malay', 'my': 'Myanmar (Burmese)', 'ne': 'Nepali', 'nl': 'Dutch', 'no': 'Norwegian', 'pa': 'Punjabi (Gurmukhi)', 'pl': 'Polish', 'pt': 'Portuguese (Brazil)', 'pt-PT': 'Portuguese (Portugal)', 'ro': 'Romanian', 'ru': 'Russian', 'si': 'Sinhala', 'sk': 'Slovak', 'sq': 'Albanian', 'sr': 'Serbian', 'su': 'Sundanese', 'sv': 'Swedish', 'sw': 'Swahili', 'ta': 'Tamil', 'te': 'Telugu', 'th': 'Thai', 'tl': 'Filipino', 'tr': 'Turkish', 'uk': 'Ukrainian', 'ur': 'Urdu', 'vi': 'Vietnamese', 'yue': 'Cantonese', 'zh-CN': 'Chinese (Simplified)', 'zh-TW': 'Chinese (Mandarin/Taiwan)', 'zh': 'Chinese (Mandarin)'}
2026-06-15 09:26:17 | DEBUG    | gtts.tts | pre-processing: <function tone_marks at 0x000001F48954BB50>
2026-06-15 09:26:17 | DEBUG    | gtts.tts | pre-processing: <function end_of_line at 0x000001F4895004C0>
2026-06-15 09:26:17 | DEBUG    | gtts.tts | pre-processing: <function abbreviations at 0x000001F489500430>
2026-06-15 09:26:17 | DEBUG    | gtts.tts | pre-processing: <function word_sub at 0x000001F4895005E0>
2026-06-15 09:26:17 | DEBUG    | gtts.tts | text_parts: ['आप कहां से आ रहे हैं?']
2026-06-15 09:26:17 | DEBUG    | gtts.tts | text_parts: 1
2026-06-15 09:26:17 | DEBUG    | gtts.tts | data-0: f.req=%5B%5B%5B%22jQ1olc%22%2C%22%5B%5C%22%5C%5Cu0906%5C%5Cu092a%20%5C%5Cu0915%5C%5Cu0939%5C%5Cu093e%5C%5Cu0902%20%5C%5Cu0938%5C%5Cu0947%20%5C%5Cu0906%20%5C%5Cu0930%5C%5Cu0939%5C%5Cu0947%20%5C%5Cu0939%5C%5Cu0948%5C%5Cu0902%3F%5C%22%2C%5C%22hi%5C%22%2Cnull%2C%5C%22null%5C%22%5D%22%2Cnull%2C%22generic%22%5D%5D%5D&
2026-06-15 09:26:17 | DEBUG    | urllib3.connectionpool | Starting new HTTPS connection (1): translate.google.com:443
2026-06-15 09:26:17 | DEBUG    | urllib3.connectionpool | https://translate.google.com:443 "POST /_/TranslateWebserverUi/data/batchexecute HTTP/1.1" 200 None
2026-06-15 09:26:17 | DEBUG    | gtts.tts | headers-0: {'Referer': 'http://translate.google.com/', 'User-Agent': 'Mozilla/5.0 (Windows NT 10.0; WOW64) AppleWebKit/537.36 (KHTML, like Gecko) Chrome/47.0.2526.106 Safari/537.36', 'Content-Type': 'application/x-www-form-urlencoded;charset=utf-8', 'Content-Length': '313'}
2026-06-15 09:26:17 | DEBUG    | gtts.tts | url-0: https://translate.google.com/_/TranslateWebserverUi/data/batchexecute
2026-06-15 09:26:17 | DEBUG    | gtts.tts | status-0: 200
2026-06-15 09:26:17 | DEBUG    | gtts.tts | part-0 written to <_io.BufferedWriter name='C:\\Users\\AGNIMI~1\\AppData\\Local\\Temp\\tmpykm7he1k.mp3'>
2026-06-15 09:26:17 | DEBUG    | gtts.tts | part-0 created
2026-06-15 09:26:17 | DEBUG    | gtts.tts | Saved to C:\Users\AGNIMI~1\AppData\Local\Temp\tmpykm7he1k.mp3
2026-06-15 09:26:20 | DEBUG    | src.speech_recognizer | Adjusting for ambient noise...
2026-06-15 09:26:20 | DEBUG    | src.speech_recognizer | Listening...
2026-06-15 09:26:30 | WARNING  | src.speech_recognizer | No speech detected within timeout.
2026-06-15 09:26:30 | DEBUG    | gtts.tts | text: Sorry, I didn't catch that. Please speak again.
2026-06-15 09:26:30 | DEBUG    | gtts.tts | tld: com
2026-06-15 09:26:30 | DEBUG    | gtts.tts | lang: en
2026-06-15 09:26:30 | DEBUG    | gtts.tts | slow: False
2026-06-15 09:26:30 | DEBUG    | gtts.tts | lang_check: True
2026-06-15 09:26:30 | DEBUG    | gtts.tts | pre_processor_funcs: [<function tone_marks at 0x000001F48954BB50>, <function end_of_line at 0x000001F4895004C0>, <function abbreviations at 0x000001F489500430>, <function word_sub at 0x000001F4895005E0>]
2026-06-15 09:26:30 | DEBUG    | gtts.tts | tokenizer_func: <bound method Tokenizer.run of re.compile('(?<=\\?).|(?<=!).|(?<=？).|(?<=！).|(?<!\\.[a-z])\\. |(?<!\\.[a-z]), |(?<!\\d):|…|—|،|\\]|：|\\)|。|\\\n|\\(|;|¡|‥|、|¿|，|\\[', re.IGNORECASE) from: [<function tone_marks at 0x000001F489500790>, <function period_comma at 0x000001F489500820>, <function colon at 0x000001F4895008B0>, <function other_punctuation at 0x000001F489500940>]>
2026-06-15 09:26:30 | DEBUG    | gtts.tts | timeout: None
2026-06-15 09:26:30 | DEBUG    | gtts.lang | langs: {'af': 'Afrikaans', 'am': 'Amharic', 'ar': 'Arabic', 'bg': 'Bulgarian', 'bn': 'Bengali', 'bs': 'Bosnian', 'ca': 'Catalan', 'cs': 'Czech', 'cy': 'Welsh', 'da': 'Danish', 'de': 'German', 'el': 'Greek', 'en': 'English', 'es': 'Spanish', 'et': 'Estonian', 'eu': 'Basque', 'fi': 'Finnish', 'fr': 'French', 'fr-CA': 'French (Canada)', 'gl': 'Galician', 'gu': 'Gujarati', 'ha': 'Hausa', 'hi': 'Hindi', 'hr': 'Croatian', 'hu': 'Hungarian', 'id': 'Indonesian', 'is': 'Icelandic', 'it': 'Italian', 'iw': 'Hebrew', 'ja': 'Japanese', 'jw': 'Javanese', 'km': 'Khmer', 'kn': 'Kannada', 'ko': 'Korean', 'la': 'Latin', 'lt': 'Lithuanian', 'lv': 'Latvian', 'ml': 'Malayalam', 'mr': 'Marathi', 'ms': 'Malay', 'my': 'Myanmar (Burmese)', 'ne': 'Nepali', 'nl': 'Dutch', 'no': 'Norwegian', 'pa': 'Punjabi (Gurmukhi)', 'pl': 'Polish', 'pt': 'Portuguese (Brazil)', 'pt-PT': 'Portuguese (Portugal)', 'ro': 'Romanian', 'ru': 'Russian', 'si': 'Sinhala', 'sk': 'Slovak', 'sq': 'Albanian', 'sr': 'Serbian', 'su': 'Sundanese', 'sv': 'Swedish', 'sw': 'Swahili', 'ta': 'Tamil', 'te': 'Telugu', 'th': 'Thai', 'tl': 'Filipino', 'tr': 'Turkish', 'uk': 'Ukrainian', 'ur': 'Urdu', 'vi': 'Vietnamese', 'yue': 'Cantonese', 'zh-CN': 'Chinese (Simplified)', 'zh-TW': 'Chinese (Mandarin/Taiwan)', 'zh': 'Chinese (Mandarin)'}
2026-06-15 09:26:30 | DEBUG    | gtts.tts | pre-processing: <function tone_marks at 0x000001F48954BB50>
2026-06-15 09:26:30 | DEBUG    | gtts.tts | pre-processing: <function end_of_line at 0x000001F4895004C0>
2026-06-15 09:26:30 | DEBUG    | gtts.tts | pre-processing: <function abbreviations at 0x000001F489500430>
2026-06-15 09:26:30 | DEBUG    | gtts.tts | pre-processing: <function word_sub at 0x000001F4895005E0>
2026-06-15 09:26:30 | DEBUG    | gtts.tts | text_parts: ["Sorry, I didn't catch that. Please speak again."]
2026-06-15 09:26:30 | DEBUG    | gtts.tts | text_parts: 1
2026-06-15 09:26:30 | DEBUG    | gtts.tts | data-0: f.req=%5B%5B%5B%22jQ1olc%22%2C%22%5B%5C%22Sorry%2C%20I%20didn%27t%20catch%20that.%20Please%20speak%20again.%5C%22%2C%5C%22en%5C%22%2Cnull%2C%5C%22null%5C%22%5D%22%2Cnull%2C%22generic%22%5D%5D%5D&
2026-06-15 09:26:30 | DEBUG    | urllib3.connectionpool | Starting new HTTPS connection (1): translate.google.com:443
2026-06-15 09:26:31 | DEBUG    | urllib3.connectionpool | https://translate.google.com:443 "POST /_/TranslateWebserverUi/data/batchexecute HTTP/1.1" 200 None
2026-06-15 09:26:31 | DEBUG    | gtts.tts | headers-0: {'Referer': 'http://translate.google.com/', 'User-Agent': 'Mozilla/5.0 (Windows NT 10.0; WOW64) AppleWebKit/537.36 (KHTML, like Gecko) Chrome/47.0.2526.106 Safari/537.36', 'Content-Type': 'application/x-www-form-urlencoded;charset=utf-8', 'Content-Length': '195'}
2026-06-15 09:26:31 | DEBUG    | gtts.tts | url-0: https://translate.google.com/_/TranslateWebserverUi/data/batchexecute
2026-06-15 09:26:31 | DEBUG    | gtts.tts | status-0: 200
2026-06-15 09:26:31 | DEBUG    | gtts.tts | part-0 written to <_io.BufferedWriter name='C:\\Users\\AGNIMI~1\\AppData\\Local\\Temp\\tmp3j5gtr4t.mp3'>
2026-06-15 09:26:31 | DEBUG    | gtts.tts | part-0 created
2026-06-15 09:26:31 | DEBUG    | gtts.tts | Saved to C:\Users\AGNIMI~1\AppData\Local\Temp\tmp3j5gtr4t.mp3
2026-06-15 09:26:36 | DEBUG    | src.speech_recognizer | Adjusting for ambient noise...
2026-06-15 09:26:36 | DEBUG    | src.speech_recognizer | Listening...
2026-06-15 09:26:40 | INFO     | src.speech_recognizer | Google STT [hi-IN]: 'मैं कोलकाता से हूं'
2026-06-15 09:26:40 | DEBUG    | src.database_manager | Answer logged [origin]: 'मैं कोलकाता से हूं'
2026-06-15 09:26:40 | DEBUG    | urllib3.connectionpool | Starting new HTTPS connection (1): translate.google.com:443
2026-06-15 09:26:41 | DEBUG    | urllib3.connectionpool | https://translate.google.com:443 "GET /m?tl=hi&sl=en&q=Thank+you+for+coming+here%2C+welcome%21 HTTP/1.1" 200 None
2026-06-15 09:26:41 | DEBUG    | src.language_detector | Translated [hi]: 'Thank you for coming here, welcome!' -> 'यहां आने के लिए धन्यवाद, स्वागत है!'
2026-06-15 09:26:41 | DEBUG    | gtts.tts | text: यहां आने के लिए धन्यवाद, स्वागत है!
2026-06-15 09:26:41 | DEBUG    | gtts.tts | tld: com
2026-06-15 09:26:41 | DEBUG    | gtts.tts | lang: hi
2026-06-15 09:26:41 | DEBUG    | gtts.tts | slow: False
2026-06-15 09:26:41 | DEBUG    | gtts.tts | lang_check: True
2026-06-15 09:26:41 | DEBUG    | gtts.tts | pre_processor_funcs: [<function tone_marks at 0x000001F48954BB50>, <function end_of_line at 0x000001F4895004C0>, <function abbreviations at 0x000001F489500430>, <function word_sub at 0x000001F4895005E0>]
2026-06-15 09:26:41 | DEBUG    | gtts.tts | tokenizer_func: <bound method Tokenizer.run of re.compile('(?<=\\?).|(?<=!).|(?<=？).|(?<=！).|(?<!\\.[a-z])\\. |(?<!\\.[a-z]), |(?<!\\d):|…|—|،|\\]|：|\\)|。|\\\n|\\(|;|¡|‥|、|¿|，|\\[', re.IGNORECASE) from: [<function tone_marks at 0x000001F489500790>, <function period_comma at 0x000001F489500820>, <function colon at 0x000001F4895008B0>, <function other_punctuation at 0x000001F489500940>]>
2026-06-15 09:26:41 | DEBUG    | gtts.tts | timeout: None
2026-06-15 09:26:41 | DEBUG    | gtts.lang | langs: {'af': 'Afrikaans', 'am': 'Amharic', 'ar': 'Arabic', 'bg': 'Bulgarian', 'bn': 'Bengali', 'bs': 'Bosnian', 'ca': 'Catalan', 'cs': 'Czech', 'cy': 'Welsh', 'da': 'Danish', 'de': 'German', 'el': 'Greek', 'en': 'English', 'es': 'Spanish', 'et': 'Estonian', 'eu': 'Basque', 'fi': 'Finnish', 'fr': 'French', 'fr-CA': 'French (Canada)', 'gl': 'Galician', 'gu': 'Gujarati', 'ha': 'Hausa', 'hi': 'Hindi', 'hr': 'Croatian', 'hu': 'Hungarian', 'id': 'Indonesian', 'is': 'Icelandic', 'it': 'Italian', 'iw': 'Hebrew', 'ja': 'Japanese', 'jw': 'Javanese', 'km': 'Khmer', 'kn': 'Kannada', 'ko': 'Korean', 'la': 'Latin', 'lt': 'Lithuanian', 'lv': 'Latvian', 'ml': 'Malayalam', 'mr': 'Marathi', 'ms': 'Malay', 'my': 'Myanmar (Burmese)', 'ne': 'Nepali', 'nl': 'Dutch', 'no': 'Norwegian', 'pa': 'Punjabi (Gurmukhi)', 'pl': 'Polish', 'pt': 'Portuguese (Brazil)', 'pt-PT': 'Portuguese (Portugal)', 'ro': 'Romanian', 'ru': 'Russian', 'si': 'Sinhala', 'sk': 'Slovak', 'sq': 'Albanian', 'sr': 'Serbian', 'su': 'Sundanese', 'sv': 'Swedish', 'sw': 'Swahili', 'ta': 'Tamil', 'te': 'Telugu', 'th': 'Thai', 'tl': 'Filipino', 'tr': 'Turkish', 'uk': 'Ukrainian', 'ur': 'Urdu', 'vi': 'Vietnamese', 'yue': 'Cantonese', 'zh-CN': 'Chinese (Simplified)', 'zh-TW': 'Chinese (Mandarin/Taiwan)', 'zh': 'Chinese (Mandarin)'}
2026-06-15 09:26:41 | DEBUG    | gtts.tts | pre-processing: <function tone_marks at 0x000001F48954BB50>
2026-06-15 09:26:41 | DEBUG    | gtts.tts | pre-processing: <function end_of_line at 0x000001F4895004C0>
2026-06-15 09:26:41 | DEBUG    | gtts.tts | pre-processing: <function abbreviations at 0x000001F489500430>
2026-06-15 09:26:41 | DEBUG    | gtts.tts | pre-processing: <function word_sub at 0x000001F4895005E0>
2026-06-15 09:26:41 | DEBUG    | gtts.tts | text_parts: ['यहां आने के लिए धन्यवाद, स्वागत है!']
2026-06-15 09:26:41 | DEBUG    | gtts.tts | text_parts: 1
2026-06-15 09:26:41 | DEBUG    | gtts.tts | data-0: f.req=%5B%5B%5B%22jQ1olc%22%2C%22%5B%5C%22%5C%5Cu092f%5C%5Cu0939%5C%5Cu093e%5C%5Cu0902%20%5C%5Cu0906%5C%5Cu0928%5C%5Cu0947%20%5C%5Cu0915%5C%5Cu0947%20%5C%5Cu0932%5C%5Cu093f%5C%5Cu090f%20%5C%5Cu0927%5C%5Cu0928%5C%5Cu094d%5C%5Cu092f%5C%5Cu0935%5C%5Cu093e%5C%5Cu0926%2C%20%5C%5Cu0938%5C%5Cu094d%5C%5Cu0935%5C%5Cu093e%5C%5Cu0917%5C%5Cu0924%20%5C%5Cu0939%5C%5Cu0948%21%5C%22%2C%5C%22hi%5C%22%2Cnull%2C%5C%22null%5C%22%5D%22%2Cnull%2C%22generic%22%5D%5D%5D&
2026-06-15 09:26:41 | DEBUG    | urllib3.connectionpool | Starting new HTTPS connection (1): translate.google.com:443
2026-06-15 09:26:42 | DEBUG    | urllib3.connectionpool | https://translate.google.com:443 "POST /_/TranslateWebserverUi/data/batchexecute HTTP/1.1" 200 None
2026-06-15 09:26:42 | DEBUG    | gtts.tts | headers-0: {'Referer': 'http://translate.google.com/', 'User-Agent': 'Mozilla/5.0 (Windows NT 10.0; WOW64) AppleWebKit/537.36 (KHTML, like Gecko) Chrome/47.0.2526.106 Safari/537.36', 'Content-Type': 'application/x-www-form-urlencoded;charset=utf-8', 'Content-Length': '451'}
2026-06-15 09:26:42 | DEBUG    | gtts.tts | url-0: https://translate.google.com/_/TranslateWebserverUi/data/batchexecute
2026-06-15 09:26:42 | DEBUG    | gtts.tts | status-0: 200
2026-06-15 09:26:42 | DEBUG    | gtts.tts | part-0 written to <_io.BufferedWriter name='C:\\Users\\AGNIMI~1\\AppData\\Local\\Temp\\tmp20jgkjxx.mp3'>
2026-06-15 09:26:42 | DEBUG    | gtts.tts | part-0 created
2026-06-15 09:26:42 | DEBUG    | gtts.tts | Saved to C:\Users\AGNIMI~1\AppData\Local\Temp\tmp20jgkjxx.mp3
2026-06-15 09:26:46 | DEBUG    | src.database_manager | Event logged [farewell]: 'यहां आने के लिए धन्यवाद, स्वागत है!'
2026-06-15 09:26:46 | INFO     | src.database_manager | Session closed: ffd32eac-9d3c-422e-8172-b65005884769
2026-06-15 09:26:46 | INFO     | src.bot_controller | Session ffd32eac-9d3c-422e-8172-b65005884769 complete. lang=hi
2026-06-15 09:26:49 | INFO     | src.bot_controller | User pressed QUIT key.
2026-06-15 09:37:41 | INFO     | src.bot_controller | Initializing BotController and all modules...
2026-06-15 09:37:41 | INFO     | src.speech_recognizer | SpeechRecognizer ready.
2026-06-15 09:37:41 | INFO     | src.language_detector | LanguageDetector initialized.
2026-06-15 09:37:41 | INFO     | src.text_to_speech | TextToSpeech ready. gTTS=YES, pyttsx3=NO
2026-06-15 09:37:41 | INFO     | src.conversation_manager | ConversationManager initialized with 4 questions.
2026-06-15 09:37:41 | DEBUG    | src.database_manager | Database schema verified.
2026-06-15 09:37:41 | INFO     | src.database_manager | DatabaseManager ready. DB path: C:\Users\Agnimitra Banerjee\Speech_AI_Bot\database\visitor_logs.db
2026-06-15 09:37:41 | INFO     | src.bot_controller | BotController initialized successfully.
2026-06-15 09:37:43 | INFO     | src.bot_controller | User pressed START key.
2026-06-15 09:37:43 | INFO     | src.database_manager | Session created: 024de30b-5dce-469e-8e6a-b46e7fff3ff7
2026-06-15 09:37:43 | INFO     | src.bot_controller | Session started: 024de30b-5dce-469e-8e6a-b46e7fff3ff7
2026-06-15 09:37:43 | DEBUG    | gtts.tts | text: Hello, welcome Here!
2026-06-15 09:37:43 | DEBUG    | gtts.tts | tld: com
2026-06-15 09:37:43 | DEBUG    | gtts.tts | lang: en
2026-06-15 09:37:43 | DEBUG    | gtts.tts | slow: False
2026-06-15 09:37:43 | DEBUG    | gtts.tts | lang_check: True
2026-06-15 09:37:43 | DEBUG    | gtts.tts | pre_processor_funcs: [<function tone_marks at 0x0000018B60ED7E20>, <function end_of_line at 0x0000018B60E80790>, <function abbreviations at 0x0000018B60E80700>, <function word_sub at 0x0000018B60E808B0>]
2026-06-15 09:37:43 | DEBUG    | gtts.tts | tokenizer_func: <bound method Tokenizer.run of re.compile('(?<=\\?).|(?<=!).|(?<=？).|(?<=！).|(?<!\\.[a-z])\\. |(?<!\\.[a-z]), |(?<!\\d):|…|،|：|\\[|。|‥|，|;|¿|¡|\\]|—|\\)|\\\n|、|\\(', re.IGNORECASE) from: [<function tone_marks at 0x0000018B60E80A60>, <function period_comma at 0x0000018B60E80AF0>, <function colon at 0x0000018B60E80B80>, <function other_punctuation at 0x0000018B60E80C10>]>
2026-06-15 09:37:43 | DEBUG    | gtts.tts | timeout: None
2026-06-15 09:37:43 | DEBUG    | gtts.lang | langs: {'af': 'Afrikaans', 'am': 'Amharic', 'ar': 'Arabic', 'bg': 'Bulgarian', 'bn': 'Bengali', 'bs': 'Bosnian', 'ca': 'Catalan', 'cs': 'Czech', 'cy': 'Welsh', 'da': 'Danish', 'de': 'German', 'el': 'Greek', 'en': 'English', 'es': 'Spanish', 'et': 'Estonian', 'eu': 'Basque', 'fi': 'Finnish', 'fr': 'French', 'fr-CA': 'French (Canada)', 'gl': 'Galician', 'gu': 'Gujarati', 'ha': 'Hausa', 'hi': 'Hindi', 'hr': 'Croatian', 'hu': 'Hungarian', 'id': 'Indonesian', 'is': 'Icelandic', 'it': 'Italian', 'iw': 'Hebrew', 'ja': 'Japanese', 'jw': 'Javanese', 'km': 'Khmer', 'kn': 'Kannada', 'ko': 'Korean', 'la': 'Latin', 'lt': 'Lithuanian', 'lv': 'Latvian', 'ml': 'Malayalam', 'mr': 'Marathi', 'ms': 'Malay', 'my': 'Myanmar (Burmese)', 'ne': 'Nepali', 'nl': 'Dutch', 'no': 'Norwegian', 'pa': 'Punjabi (Gurmukhi)', 'pl': 'Polish', 'pt': 'Portuguese (Brazil)', 'pt-PT': 'Portuguese (Portugal)', 'ro': 'Romanian', 'ru': 'Russian', 'si': 'Sinhala', 'sk': 'Slovak', 'sq': 'Albanian', 'sr': 'Serbian', 'su': 'Sundanese', 'sv': 'Swedish', 'sw': 'Swahili', 'ta': 'Tamil', 'te': 'Telugu', 'th': 'Thai', 'tl': 'Filipino', 'tr': 'Turkish', 'uk': 'Ukrainian', 'ur': 'Urdu', 'vi': 'Vietnamese', 'yue': 'Cantonese', 'zh-CN': 'Chinese (Simplified)', 'zh-TW': 'Chinese (Mandarin/Taiwan)', 'zh': 'Chinese (Mandarin)'}
2026-06-15 09:37:43 | DEBUG    | gtts.tts | pre-processing: <function tone_marks at 0x0000018B60ED7E20>
2026-06-15 09:37:43 | DEBUG    | gtts.tts | pre-processing: <function end_of_line at 0x0000018B60E80790>
2026-06-15 09:37:43 | DEBUG    | gtts.tts | pre-processing: <function abbreviations at 0x0000018B60E80700>
2026-06-15 09:37:43 | DEBUG    | gtts.tts | pre-processing: <function word_sub at 0x0000018B60E808B0>
2026-06-15 09:37:43 | DEBUG    | gtts.tts | text_parts: ['Hello, welcome Here!']
2026-06-15 09:37:43 | DEBUG    | gtts.tts | text_parts: 1
2026-06-15 09:37:43 | DEBUG    | gtts.tts | data-0: f.req=%5B%5B%5B%22jQ1olc%22%2C%22%5B%5C%22Hello%2C%20welcome%20Here%21%5C%22%2C%5C%22en%5C%22%2Cnull%2C%5C%22null%5C%22%5D%22%2Cnull%2C%22generic%22%5D%5D%5D&
2026-06-15 09:37:43 | DEBUG    | urllib3.connectionpool | Starting new HTTPS connection (1): translate.google.com:443
2026-06-15 09:37:44 | DEBUG    | urllib3.connectionpool | https://translate.google.com:443 "POST /_/TranslateWebserverUi/data/batchexecute HTTP/1.1" 200 None
2026-06-15 09:37:44 | DEBUG    | gtts.tts | headers-0: {'Referer': 'http://translate.google.com/', 'User-Agent': 'Mozilla/5.0 (Windows NT 10.0; WOW64) AppleWebKit/537.36 (KHTML, like Gecko) Chrome/47.0.2526.106 Safari/537.36', 'Content-Type': 'application/x-www-form-urlencoded;charset=utf-8', 'Content-Length': '158'}
2026-06-15 09:37:44 | DEBUG    | gtts.tts | url-0: https://translate.google.com/_/TranslateWebserverUi/data/batchexecute
2026-06-15 09:37:44 | DEBUG    | gtts.tts | status-0: 200
2026-06-15 09:37:44 | DEBUG    | gtts.tts | part-0 written to <_io.BufferedWriter name='C:\\Users\\AGNIMI~1\\AppData\\Local\\Temp\\tmp7xm0x2uh.mp3'>
2026-06-15 09:37:44 | DEBUG    | gtts.tts | part-0 created
2026-06-15 09:37:44 | DEBUG    | gtts.tts | Saved to C:\Users\AGNIMI~1\AppData\Local\Temp\tmp7xm0x2uh.mp3
2026-06-15 09:37:46 | DEBUG    | src.database_manager | Event logged [greeting]: 'Hello, welcome Here!'
2026-06-15 09:37:46 | DEBUG    | gtts.tts | text: May I know your full name, please?
2026-06-15 09:37:46 | DEBUG    | gtts.tts | tld: com
2026-06-15 09:37:46 | DEBUG    | gtts.tts | lang: en
2026-06-15 09:37:46 | DEBUG    | gtts.tts | slow: False
2026-06-15 09:37:46 | DEBUG    | gtts.tts | lang_check: True
2026-06-15 09:37:46 | DEBUG    | gtts.tts | pre_processor_funcs: [<function tone_marks at 0x0000018B60ED7E20>, <function end_of_line at 0x0000018B60E80790>, <function abbreviations at 0x0000018B60E80700>, <function word_sub at 0x0000018B60E808B0>]
2026-06-15 09:37:46 | DEBUG    | gtts.tts | tokenizer_func: <bound method Tokenizer.run of re.compile('(?<=\\?).|(?<=!).|(?<=？).|(?<=！).|(?<!\\.[a-z])\\. |(?<!\\.[a-z]), |(?<!\\d):|…|،|：|\\[|。|‥|，|;|¿|¡|\\]|—|\\)|\\\n|、|\\(', re.IGNORECASE) from: [<function tone_marks at 0x0000018B60E80A60>, <function period_comma at 0x0000018B60E80AF0>, <function colon at 0x0000018B60E80B80>, <function other_punctuation at 0x0000018B60E80C10>]>
2026-06-15 09:37:46 | DEBUG    | gtts.tts | timeout: None
2026-06-15 09:37:46 | DEBUG    | gtts.lang | langs: {'af': 'Afrikaans', 'am': 'Amharic', 'ar': 'Arabic', 'bg': 'Bulgarian', 'bn': 'Bengali', 'bs': 'Bosnian', 'ca': 'Catalan', 'cs': 'Czech', 'cy': 'Welsh', 'da': 'Danish', 'de': 'German', 'el': 'Greek', 'en': 'English', 'es': 'Spanish', 'et': 'Estonian', 'eu': 'Basque', 'fi': 'Finnish', 'fr': 'French', 'fr-CA': 'French (Canada)', 'gl': 'Galician', 'gu': 'Gujarati', 'ha': 'Hausa', 'hi': 'Hindi', 'hr': 'Croatian', 'hu': 'Hungarian', 'id': 'Indonesian', 'is': 'Icelandic', 'it': 'Italian', 'iw': 'Hebrew', 'ja': 'Japanese', 'jw': 'Javanese', 'km': 'Khmer', 'kn': 'Kannada', 'ko': 'Korean', 'la': 'Latin', 'lt': 'Lithuanian', 'lv': 'Latvian', 'ml': 'Malayalam', 'mr': 'Marathi', 'ms': 'Malay', 'my': 'Myanmar (Burmese)', 'ne': 'Nepali', 'nl': 'Dutch', 'no': 'Norwegian', 'pa': 'Punjabi (Gurmukhi)', 'pl': 'Polish', 'pt': 'Portuguese (Brazil)', 'pt-PT': 'Portuguese (Portugal)', 'ro': 'Romanian', 'ru': 'Russian', 'si': 'Sinhala', 'sk': 'Slovak', 'sq': 'Albanian', 'sr': 'Serbian', 'su': 'Sundanese', 'sv': 'Swedish', 'sw': 'Swahili', 'ta': 'Tamil', 'te': 'Telugu', 'th': 'Thai', 'tl': 'Filipino', 'tr': 'Turkish', 'uk': 'Ukrainian', 'ur': 'Urdu', 'vi': 'Vietnamese', 'yue': 'Cantonese', 'zh-CN': 'Chinese (Simplified)', 'zh-TW': 'Chinese (Mandarin/Taiwan)', 'zh': 'Chinese (Mandarin)'}
2026-06-15 09:37:46 | DEBUG    | gtts.tts | pre-processing: <function tone_marks at 0x0000018B60ED7E20>
2026-06-15 09:37:46 | DEBUG    | gtts.tts | pre-processing: <function end_of_line at 0x0000018B60E80790>
2026-06-15 09:37:46 | DEBUG    | gtts.tts | pre-processing: <function abbreviations at 0x0000018B60E80700>
2026-06-15 09:37:46 | DEBUG    | gtts.tts | pre-processing: <function word_sub at 0x0000018B60E808B0>
2026-06-15 09:37:46 | DEBUG    | gtts.tts | text_parts: ['May I know your full name, please?']
2026-06-15 09:37:46 | DEBUG    | gtts.tts | text_parts: 1
2026-06-15 09:37:46 | DEBUG    | gtts.tts | data-0: f.req=%5B%5B%5B%22jQ1olc%22%2C%22%5B%5C%22May%20I%20know%20your%20full%20name%2C%20please%3F%5C%22%2C%5C%22en%5C%22%2Cnull%2C%5C%22null%5C%22%5D%22%2Cnull%2C%22generic%22%5D%5D%5D&
2026-06-15 09:37:46 | DEBUG    | urllib3.connectionpool | Starting new HTTPS connection (1): translate.google.com:443
2026-06-15 09:37:47 | DEBUG    | urllib3.connectionpool | https://translate.google.com:443 "POST /_/TranslateWebserverUi/data/batchexecute HTTP/1.1" 200 None
2026-06-15 09:37:47 | DEBUG    | gtts.tts | headers-0: {'Referer': 'http://translate.google.com/', 'User-Agent': 'Mozilla/5.0 (Windows NT 10.0; WOW64) AppleWebKit/537.36 (KHTML, like Gecko) Chrome/47.0.2526.106 Safari/537.36', 'Content-Type': 'application/x-www-form-urlencoded;charset=utf-8', 'Content-Length': '180'}
2026-06-15 09:37:47 | DEBUG    | gtts.tts | url-0: https://translate.google.com/_/TranslateWebserverUi/data/batchexecute
2026-06-15 09:37:47 | DEBUG    | gtts.tts | status-0: 200
2026-06-15 09:37:47 | DEBUG    | gtts.tts | part-0 written to <_io.BufferedWriter name='C:\\Users\\AGNIMI~1\\AppData\\Local\\Temp\\tmpevyfpp7l.mp3'>
2026-06-15 09:37:47 | DEBUG    | gtts.tts | part-0 created
2026-06-15 09:37:47 | DEBUG    | gtts.tts | Saved to C:\Users\AGNIMI~1\AppData\Local\Temp\tmpevyfpp7l.mp3
2026-06-15 09:37:50 | DEBUG    | src.speech_recognizer | Adjusting for ambient noise...
2026-06-15 09:37:51 | DEBUG    | src.speech_recognizer | Listening...
2026-06-15 09:37:55 | INFO     | src.speech_recognizer | Google STT [en-US]: 'my name ise Agni Rudra Baner'
2026-06-15 09:37:55 | INFO     | src.speech_recognizer | English STT: 'my name ise Agni Rudra Baner'
2026-06-15 09:37:56 | INFO     | src.speech_recognizer | Google STT [hi-IN]: 'माय नेम इस अग्नि रूद्र बैनर'
2026-06-15 09:37:56 | DEBUG    | urllib3.connectionpool | Starting new HTTPS connection (1): translate.google.com:443
2026-06-15 09:37:57 | DEBUG    | urllib3.connectionpool | https://translate.google.com:443 "GET /m?tl=en&sl=hi&q=%E0%A4%AE%E0%A4%BE%E0%A4%AF+%E0%A4%A8%E0%A5%87%E0%A4%AE+%E0%A4%87%E0%A4%B8+%E0%A4%85%E0%A4%97%E0%A5%8D%E0%A4%A8%E0%A4%BF+%E0%A4%B0%E0%A5%82%E0%A4%A6%E0%A5%8D%E0%A4%B0+%E0%A4%AC%E0%A5%88%E0%A4%A8%E0%A4%B0 HTTP/1.1" 200 None
2026-06-15 09:37:57 | INFO     | src.speech_recognizer | Back-translation [hi]: 'माय नेम इस अग्नि रूद्र बैनर' -> 'my name is agni rudra banner'
2026-06-15 09:37:57 | INFO     | src.speech_recognizer | Overlap between English STT and back-translation: 0.67 (threshold=0.55)
2026-06-15 09:37:57 | INFO     | src.speech_recognizer | HIGH OVERLAP (0.67) -> phonetic echo of English, rejecting as non-English
2026-06-15 09:37:57 | INFO     | src.speech_recognizer | Rejected [hi-IN] 'माय नेम इस अग्नि रूद्र बैनर' — phonetic echo of English
2026-06-15 09:37:59 | INFO     | src.speech_recognizer | Google STT [bn-IN]: 'মাইনেমিজ অগ্নি রুদ্রা'
2026-06-15 09:37:59 | DEBUG    | urllib3.connectionpool | Starting new HTTPS connection (1): translate.google.com:443
2026-06-15 09:37:59 | DEBUG    | urllib3.connectionpool | https://translate.google.com:443 "GET /m?tl=en&sl=bn&q=%E0%A6%AE%E0%A6%BE%E0%A6%87%E0%A6%A8%E0%A7%87%E0%A6%AE%E0%A6%BF%E0%A6%9C+%E0%A6%85%E0%A6%97%E0%A7%8D%E0%A6%A8%E0%A6%BF+%E0%A6%B0%E0%A7%81%E0%A6%A6%E0%A7%8D%E0%A6%B0%E0%A6%BE HTTP/1.1" 200 None
2026-06-15 09:38:00 | INFO     | src.speech_recognizer | Back-translation [bn]: 'মাইনেমিজ অগ্নি রুদ্রা' -> 'My nemesis is Agni Rudra'
2026-06-15 09:38:00 | INFO     | src.speech_recognizer | Overlap between English STT and back-translation: 0.50 (threshold=0.55)
2026-06-15 09:38:00 | INFO     | src.speech_recognizer | LOW OVERLAP (0.50) -> genuine non-English speech confirmed
2026-06-15 09:38:00 | INFO     | src.speech_recognizer | GENUINE non-English confirmed: [bn-IN] 'মাইনেমিজ অগ্নি রুদ্রা'
2026-06-15 09:38:00 | INFO     | src.bot_controller | Language confirmed via native script: bn (Bengali)
2026-06-15 09:38:00 | DEBUG    | src.database_manager | Answer logged [full_name]: 'মাইনেমিজ অগ্নি রুদ্রা'
2026-06-15 09:38:00 | DEBUG    | urllib3.connectionpool | Starting new HTTPS connection (1): translate.google.com:443
2026-06-15 09:38:01 | DEBUG    | urllib3.connectionpool | https://translate.google.com:443 "GET /m?tl=bn&sl=en&q=Whom+would+you+like+to+meet+today%3F HTTP/1.1" 200 None
2026-06-15 09:38:01 | DEBUG    | src.language_detector | Translated [bn]: 'Whom would you like to meet today?' -> 'আপনি আজ কার সাথে দেখা করতে চান?'
2026-06-15 09:38:01 | DEBUG    | gtts.tts | text: আপনি আজ কার সাথে দেখা করতে চান?
2026-06-15 09:38:01 | DEBUG    | gtts.tts | tld: com
2026-06-15 09:38:01 | DEBUG    | gtts.tts | lang: bn
2026-06-15 09:38:01 | DEBUG    | gtts.tts | slow: False
2026-06-15 09:38:01 | DEBUG    | gtts.tts | lang_check: True
2026-06-15 09:38:01 | DEBUG    | gtts.tts | pre_processor_funcs: [<function tone_marks at 0x0000018B60ED7E20>, <function end_of_line at 0x0000018B60E80790>, <function abbreviations at 0x0000018B60E80700>, <function word_sub at 0x0000018B60E808B0>]
2026-06-15 09:38:01 | DEBUG    | gtts.tts | tokenizer_func: <bound method Tokenizer.run of re.compile('(?<=\\?).|(?<=!).|(?<=？).|(?<=！).|(?<!\\.[a-z])\\. |(?<!\\.[a-z]), |(?<!\\d):|…|،|：|\\[|。|‥|，|;|¿|¡|\\]|—|\\)|\\\n|、|\\(', re.IGNORECASE) from: [<function tone_marks at 0x0000018B60E80A60>, <function period_comma at 0x0000018B60E80AF0>, <function colon at 0x0000018B60E80B80>, <function other_punctuation at 0x0000018B60E80C10>]>
2026-06-15 09:38:01 | DEBUG    | gtts.tts | timeout: None
2026-06-15 09:38:01 | DEBUG    | gtts.lang | langs: {'af': 'Afrikaans', 'am': 'Amharic', 'ar': 'Arabic', 'bg': 'Bulgarian', 'bn': 'Bengali', 'bs': 'Bosnian', 'ca': 'Catalan', 'cs': 'Czech', 'cy': 'Welsh', 'da': 'Danish', 'de': 'German', 'el': 'Greek', 'en': 'English', 'es': 'Spanish', 'et': 'Estonian', 'eu': 'Basque', 'fi': 'Finnish', 'fr': 'French', 'fr-CA': 'French (Canada)', 'gl': 'Galician', 'gu': 'Gujarati', 'ha': 'Hausa', 'hi': 'Hindi', 'hr': 'Croatian', 'hu': 'Hungarian', 'id': 'Indonesian', 'is': 'Icelandic', 'it': 'Italian', 'iw': 'Hebrew', 'ja': 'Japanese', 'jw': 'Javanese', 'km': 'Khmer', 'kn': 'Kannada', 'ko': 'Korean', 'la': 'Latin', 'lt': 'Lithuanian', 'lv': 'Latvian', 'ml': 'Malayalam', 'mr': 'Marathi', 'ms': 'Malay', 'my': 'Myanmar (Burmese)', 'ne': 'Nepali', 'nl': 'Dutch', 'no': 'Norwegian', 'pa': 'Punjabi (Gurmukhi)', 'pl': 'Polish', 'pt': 'Portuguese (Brazil)', 'pt-PT': 'Portuguese (Portugal)', 'ro': 'Romanian', 'ru': 'Russian', 'si': 'Sinhala', 'sk': 'Slovak', 'sq': 'Albanian', 'sr': 'Serbian', 'su': 'Sundanese', 'sv': 'Swedish', 'sw': 'Swahili', 'ta': 'Tamil', 'te': 'Telugu', 'th': 'Thai', 'tl': 'Filipino', 'tr': 'Turkish', 'uk': 'Ukrainian', 'ur': 'Urdu', 'vi': 'Vietnamese', 'yue': 'Cantonese', 'zh-CN': 'Chinese (Simplified)', 'zh-TW': 'Chinese (Mandarin/Taiwan)', 'zh': 'Chinese (Mandarin)'}
2026-06-15 09:38:01 | DEBUG    | gtts.tts | pre-processing: <function tone_marks at 0x0000018B60ED7E20>
2026-06-15 09:38:01 | DEBUG    | gtts.tts | pre-processing: <function end_of_line at 0x0000018B60E80790>
2026-06-15 09:38:01 | DEBUG    | gtts.tts | pre-processing: <function abbreviations at 0x0000018B60E80700>
2026-06-15 09:38:01 | DEBUG    | gtts.tts | pre-processing: <function word_sub at 0x0000018B60E808B0>
2026-06-15 09:38:01 | DEBUG    | gtts.tts | text_parts: ['আপনি আজ কার সাথে দেখা করতে চান?']
2026-06-15 09:38:01 | DEBUG    | gtts.tts | text_parts: 1
2026-06-15 09:38:01 | DEBUG    | gtts.tts | data-0: f.req=%5B%5B%5B%22jQ1olc%22%2C%22%5B%5C%22%5C%5Cu0986%5C%5Cu09aa%5C%5Cu09a8%5C%5Cu09bf%20%5C%5Cu0986%5C%5Cu099c%20%5C%5Cu0995%5C%5Cu09be%5C%5Cu09b0%20%5C%5Cu09b8%5C%5Cu09be%5C%5Cu09a5%5C%5Cu09c7%20%5C%5Cu09a6%5C%5Cu09c7%5C%5Cu0996%5C%5Cu09be%20%5C%5Cu0995%5C%5Cu09b0%5C%5Cu09a4%5C%5Cu09c7%20%5C%5Cu099a%5C%5Cu09be%5C%5Cu09a8%3F%5C%22%2C%5C%22bn%5C%22%2Cnull%2C%5C%22null%5C%22%5D%22%2Cnull%2C%22generic%22%5D%5D%5D&
2026-06-15 09:38:01 | DEBUG    | urllib3.connectionpool | Starting new HTTPS connection (1): translate.google.com:443
2026-06-15 09:38:02 | DEBUG    | urllib3.connectionpool | https://translate.google.com:443 "POST /_/TranslateWebserverUi/data/batchexecute HTTP/1.1" 200 None
2026-06-15 09:38:02 | DEBUG    | gtts.tts | headers-0: {'Referer': 'http://translate.google.com/', 'User-Agent': 'Mozilla/5.0 (Windows NT 10.0; WOW64) AppleWebKit/537.36 (KHTML, like Gecko) Chrome/47.0.2526.106 Safari/537.36', 'Content-Type': 'application/x-www-form-urlencoded;charset=utf-8', 'Content-Length': '415'}
2026-06-15 09:38:02 | DEBUG    | gtts.tts | url-0: https://translate.google.com/_/TranslateWebserverUi/data/batchexecute
2026-06-15 09:38:02 | DEBUG    | gtts.tts | status-0: 200
2026-06-15 09:38:02 | DEBUG    | gtts.tts | part-0 written to <_io.BufferedWriter name='C:\\Users\\AGNIMI~1\\AppData\\Local\\Temp\\tmpuf786oml.mp3'>
2026-06-15 09:38:02 | DEBUG    | gtts.tts | part-0 created
2026-06-15 09:38:02 | DEBUG    | gtts.tts | Saved to C:\Users\AGNIMI~1\AppData\Local\Temp\tmpuf786oml.mp3
2026-06-15 09:38:05 | DEBUG    | src.speech_recognizer | Adjusting for ambient noise...
2026-06-15 09:38:06 | DEBUG    | src.speech_recognizer | Listening...
2026-06-15 09:38:11 | INFO     | src.speech_recognizer | Google STT [bn-IN]: 'রিয়াজ বিরাটের সঙ্গে দেখা করতে চাই'
2026-06-15 09:38:11 | DEBUG    | src.database_manager | Answer logged [person_to_meet]: 'রিয়াজ বিরাটের সঙ্গে দেখা করতে চাই'
2026-06-15 09:38:11 | DEBUG    | urllib3.connectionpool | Starting new HTTPS connection (1): translate.google.com:443
2026-06-15 09:38:12 | DEBUG    | urllib3.connectionpool | https://translate.google.com:443 "GET /m?tl=bn&sl=en&q=What+is+the+purpose+of+your+visit+here%3F HTTP/1.1" 200 None
2026-06-15 09:38:12 | DEBUG    | src.language_detector | Translated [bn]: 'What is the purpose of your visit here?' -> 'আপনার এখানে আসার উদ্দেশ্য কি?'
2026-06-15 09:38:12 | DEBUG    | gtts.tts | text: আপনার এখানে আসার উদ্দেশ্য কি?
2026-06-15 09:38:12 | DEBUG    | gtts.tts | tld: com
2026-06-15 09:38:12 | DEBUG    | gtts.tts | lang: bn
2026-06-15 09:38:12 | DEBUG    | gtts.tts | slow: False
2026-06-15 09:38:12 | DEBUG    | gtts.tts | lang_check: True
2026-06-15 09:38:12 | DEBUG    | gtts.tts | pre_processor_funcs: [<function tone_marks at 0x0000018B60ED7E20>, <function end_of_line at 0x0000018B60E80790>, <function abbreviations at 0x0000018B60E80700>, <function word_sub at 0x0000018B60E808B0>]
2026-06-15 09:38:12 | DEBUG    | gtts.tts | tokenizer_func: <bound method Tokenizer.run of re.compile('(?<=\\?).|(?<=!).|(?<=？).|(?<=！).|(?<!\\.[a-z])\\. |(?<!\\.[a-z]), |(?<!\\d):|…|،|：|\\[|。|‥|，|;|¿|¡|\\]|—|\\)|\\\n|、|\\(', re.IGNORECASE) from: [<function tone_marks at 0x0000018B60E80A60>, <function period_comma at 0x0000018B60E80AF0>, <function colon at 0x0000018B60E80B80>, <function other_punctuation at 0x0000018B60E80C10>]>
2026-06-15 09:38:12 | DEBUG    | gtts.tts | timeout: None
2026-06-15 09:38:12 | DEBUG    | gtts.lang | langs: {'af': 'Afrikaans', 'am': 'Amharic', 'ar': 'Arabic', 'bg': 'Bulgarian', 'bn': 'Bengali', 'bs': 'Bosnian', 'ca': 'Catalan', 'cs': 'Czech', 'cy': 'Welsh', 'da': 'Danish', 'de': 'German', 'el': 'Greek', 'en': 'English', 'es': 'Spanish', 'et': 'Estonian', 'eu': 'Basque', 'fi': 'Finnish', 'fr': 'French', 'fr-CA': 'French (Canada)', 'gl': 'Galician', 'gu': 'Gujarati', 'ha': 'Hausa', 'hi': 'Hindi', 'hr': 'Croatian', 'hu': 'Hungarian', 'id': 'Indonesian', 'is': 'Icelandic', 'it': 'Italian', 'iw': 'Hebrew', 'ja': 'Japanese', 'jw': 'Javanese', 'km': 'Khmer', 'kn': 'Kannada', 'ko': 'Korean', 'la': 'Latin', 'lt': 'Lithuanian', 'lv': 'Latvian', 'ml': 'Malayalam', 'mr': 'Marathi', 'ms': 'Malay', 'my': 'Myanmar (Burmese)', 'ne': 'Nepali', 'nl': 'Dutch', 'no': 'Norwegian', 'pa': 'Punjabi (Gurmukhi)', 'pl': 'Polish', 'pt': 'Portuguese (Brazil)', 'pt-PT': 'Portuguese (Portugal)', 'ro': 'Romanian', 'ru': 'Russian', 'si': 'Sinhala', 'sk': 'Slovak', 'sq': 'Albanian', 'sr': 'Serbian', 'su': 'Sundanese', 'sv': 'Swedish', 'sw': 'Swahili', 'ta': 'Tamil', 'te': 'Telugu', 'th': 'Thai', 'tl': 'Filipino', 'tr': 'Turkish', 'uk': 'Ukrainian', 'ur': 'Urdu', 'vi': 'Vietnamese', 'yue': 'Cantonese', 'zh-CN': 'Chinese (Simplified)', 'zh-TW': 'Chinese (Mandarin/Taiwan)', 'zh': 'Chinese (Mandarin)'}
2026-06-15 09:38:12 | DEBUG    | gtts.tts | pre-processing: <function tone_marks at 0x0000018B60ED7E20>
2026-06-15 09:38:12 | DEBUG    | gtts.tts | pre-processing: <function end_of_line at 0x0000018B60E80790>
2026-06-15 09:38:12 | DEBUG    | gtts.tts | pre-processing: <function abbreviations at 0x0000018B60E80700>
2026-06-15 09:38:12 | DEBUG    | gtts.tts | pre-processing: <function word_sub at 0x0000018B60E808B0>
2026-06-15 09:38:12 | DEBUG    | gtts.tts | text_parts: ['আপনার এখানে আসার উদ্দেশ্য কি?']
2026-06-15 09:38:12 | DEBUG    | gtts.tts | text_parts: 1
2026-06-15 09:38:12 | DEBUG    | gtts.tts | data-0: f.req=%5B%5B%5B%22jQ1olc%22%2C%22%5B%5C%22%5C%5Cu0986%5C%5Cu09aa%5C%5Cu09a8%5C%5Cu09be%5C%5Cu09b0%20%5C%5Cu098f%5C%5Cu0996%5C%5Cu09be%5C%5Cu09a8%5C%5Cu09c7%20%5C%5Cu0986%5C%5Cu09b8%5C%5Cu09be%5C%5Cu09b0%20%5C%5Cu0989%5C%5Cu09a6%5C%5Cu09cd%5C%5Cu09a6%5C%5Cu09c7%5C%5Cu09b6%5C%5Cu09cd%5C%5Cu09af%20%5C%5Cu0995%5C%5Cu09bf%3F%5C%22%2C%5C%22bn%5C%22%2Cnull%2C%5C%22null%5C%22%5D%22%2Cnull%2C%22generic%22%5D%5D%5D&
2026-06-15 09:38:12 | DEBUG    | urllib3.connectionpool | Starting new HTTPS connection (1): translate.google.com:443
2026-06-15 09:38:13 | DEBUG    | urllib3.connectionpool | https://translate.google.com:443 "POST /_/TranslateWebserverUi/data/batchexecute HTTP/1.1" 200 None
2026-06-15 09:38:13 | DEBUG    | gtts.tts | headers-0: {'Referer': 'http://translate.google.com/', 'User-Agent': 'Mozilla/5.0 (Windows NT 10.0; WOW64) AppleWebKit/537.36 (KHTML, like Gecko) Chrome/47.0.2526.106 Safari/537.36', 'Content-Type': 'application/x-www-form-urlencoded;charset=utf-8', 'Content-Length': '409'}
2026-06-15 09:38:13 | DEBUG    | gtts.tts | url-0: https://translate.google.com/_/TranslateWebserverUi/data/batchexecute
2026-06-15 09:38:13 | DEBUG    | gtts.tts | status-0: 200
2026-06-15 09:38:13 | DEBUG    | gtts.tts | part-0 written to <_io.BufferedWriter name='C:\\Users\\AGNIMI~1\\AppData\\Local\\Temp\\tmpue2lz0fe.mp3'>
2026-06-15 09:38:13 | DEBUG    | gtts.tts | part-0 created
2026-06-15 09:38:13 | DEBUG    | gtts.tts | Saved to C:\Users\AGNIMI~1\AppData\Local\Temp\tmpue2lz0fe.mp3
2026-06-15 09:38:16 | DEBUG    | src.speech_recognizer | Adjusting for ambient noise...
2026-06-15 09:38:17 | DEBUG    | src.speech_recognizer | Listening...
2026-06-15 09:38:21 | INFO     | src.speech_recognizer | Google STT [bn-IN]: 'আমি তার সঙ্গে দেখা করবো ব্যাস'
2026-06-15 09:38:21 | DEBUG    | src.database_manager | Answer logged [purpose]: 'আমি তার সঙ্গে দেখা করবো ব্যাস'
2026-06-15 09:38:21 | DEBUG    | urllib3.connectionpool | Starting new HTTPS connection (1): translate.google.com:443
2026-06-15 09:38:21 | DEBUG    | urllib3.connectionpool | https://translate.google.com:443 "GET /m?tl=bn&sl=en&q=Where+are+you+coming+from%3F HTTP/1.1" 200 None
2026-06-15 09:38:21 | DEBUG    | src.language_detector | Translated [bn]: 'Where are you coming from?' -> 'আপনি কোথা থেকে আসছেন?'
2026-06-15 09:38:21 | DEBUG    | gtts.tts | text: আপনি কোথা থেকে আসছেন?
2026-06-15 09:38:21 | DEBUG    | gtts.tts | tld: com
2026-06-15 09:38:21 | DEBUG    | gtts.tts | lang: bn
2026-06-15 09:38:21 | DEBUG    | gtts.tts | slow: False
2026-06-15 09:38:21 | DEBUG    | gtts.tts | lang_check: True
2026-06-15 09:38:21 | DEBUG    | gtts.tts | pre_processor_funcs: [<function tone_marks at 0x0000018B60ED7E20>, <function end_of_line at 0x0000018B60E80790>, <function abbreviations at 0x0000018B60E80700>, <function word_sub at 0x0000018B60E808B0>]
2026-06-15 09:38:21 | DEBUG    | gtts.tts | tokenizer_func: <bound method Tokenizer.run of re.compile('(?<=\\?).|(?<=!).|(?<=？).|(?<=！).|(?<!\\.[a-z])\\. |(?<!\\.[a-z]), |(?<!\\d):|…|،|：|\\[|。|‥|，|;|¿|¡|\\]|—|\\)|\\\n|、|\\(', re.IGNORECASE) from: [<function tone_marks at 0x0000018B60E80A60>, <function period_comma at 0x0000018B60E80AF0>, <function colon at 0x0000018B60E80B80>, <function other_punctuation at 0x0000018B60E80C10>]>
2026-06-15 09:38:21 | DEBUG    | gtts.tts | timeout: None
2026-06-15 09:38:21 | DEBUG    | gtts.lang | langs: {'af': 'Afrikaans', 'am': 'Amharic', 'ar': 'Arabic', 'bg': 'Bulgarian', 'bn': 'Bengali', 'bs': 'Bosnian', 'ca': 'Catalan', 'cs': 'Czech', 'cy': 'Welsh', 'da': 'Danish', 'de': 'German', 'el': 'Greek', 'en': 'English', 'es': 'Spanish', 'et': 'Estonian', 'eu': 'Basque', 'fi': 'Finnish', 'fr': 'French', 'fr-CA': 'French (Canada)', 'gl': 'Galician', 'gu': 'Gujarati', 'ha': 'Hausa', 'hi': 'Hindi', 'hr': 'Croatian', 'hu': 'Hungarian', 'id': 'Indonesian', 'is': 'Icelandic', 'it': 'Italian', 'iw': 'Hebrew', 'ja': 'Japanese', 'jw': 'Javanese', 'km': 'Khmer', 'kn': 'Kannada', 'ko': 'Korean', 'la': 'Latin', 'lt': 'Lithuanian', 'lv': 'Latvian', 'ml': 'Malayalam', 'mr': 'Marathi', 'ms': 'Malay', 'my': 'Myanmar (Burmese)', 'ne': 'Nepali', 'nl': 'Dutch', 'no': 'Norwegian', 'pa': 'Punjabi (Gurmukhi)', 'pl': 'Polish', 'pt': 'Portuguese (Brazil)', 'pt-PT': 'Portuguese (Portugal)', 'ro': 'Romanian', 'ru': 'Russian', 'si': 'Sinhala', 'sk': 'Slovak', 'sq': 'Albanian', 'sr': 'Serbian', 'su': 'Sundanese', 'sv': 'Swedish', 'sw': 'Swahili', 'ta': 'Tamil', 'te': 'Telugu', 'th': 'Thai', 'tl': 'Filipino', 'tr': 'Turkish', 'uk': 'Ukrainian', 'ur': 'Urdu', 'vi': 'Vietnamese', 'yue': 'Cantonese', 'zh-CN': 'Chinese (Simplified)', 'zh-TW': 'Chinese (Mandarin/Taiwan)', 'zh': 'Chinese (Mandarin)'}
2026-06-15 09:38:21 | DEBUG    | gtts.tts | pre-processing: <function tone_marks at 0x0000018B60ED7E20>
2026-06-15 09:38:21 | DEBUG    | gtts.tts | pre-processing: <function end_of_line at 0x0000018B60E80790>
2026-06-15 09:38:21 | DEBUG    | gtts.tts | pre-processing: <function abbreviations at 0x0000018B60E80700>
2026-06-15 09:38:21 | DEBUG    | gtts.tts | pre-processing: <function word_sub at 0x0000018B60E808B0>
2026-06-15 09:38:21 | DEBUG    | gtts.tts | text_parts: ['আপনি কোথা থেকে আসছেন?']
2026-06-15 09:38:21 | DEBUG    | gtts.tts | text_parts: 1
2026-06-15 09:38:21 | DEBUG    | gtts.tts | data-0: f.req=%5B%5B%5B%22jQ1olc%22%2C%22%5B%5C%22%5C%5Cu0986%5C%5Cu09aa%5C%5Cu09a8%5C%5Cu09bf%20%5C%5Cu0995%5C%5Cu09cb%5C%5Cu09a5%5C%5Cu09be%20%5C%5Cu09a5%5C%5Cu09c7%5C%5Cu0995%5C%5Cu09c7%20%5C%5Cu0986%5C%5Cu09b8%5C%5Cu099b%5C%5Cu09c7%5C%5Cu09a8%3F%5C%22%2C%5C%22bn%5C%22%2Cnull%2C%5C%22null%5C%22%5D%22%2Cnull%2C%22generic%22%5D%5D%5D&
2026-06-15 09:38:21 | DEBUG    | urllib3.connectionpool | Starting new HTTPS connection (1): translate.google.com:443
2026-06-15 09:38:22 | DEBUG    | urllib3.connectionpool | https://translate.google.com:443 "POST /_/TranslateWebserverUi/data/batchexecute HTTP/1.1" 200 None
2026-06-15 09:38:22 | DEBUG    | gtts.tts | headers-0: {'Referer': 'http://translate.google.com/', 'User-Agent': 'Mozilla/5.0 (Windows NT 10.0; WOW64) AppleWebKit/537.36 (KHTML, like Gecko) Chrome/47.0.2526.106 Safari/537.36', 'Content-Type': 'application/x-www-form-urlencoded;charset=utf-8', 'Content-Length': '329'}
2026-06-15 09:38:22 | DEBUG    | gtts.tts | url-0: https://translate.google.com/_/TranslateWebserverUi/data/batchexecute
2026-06-15 09:38:22 | DEBUG    | gtts.tts | status-0: 200
2026-06-15 09:38:22 | DEBUG    | gtts.tts | part-0 written to <_io.BufferedWriter name='C:\\Users\\AGNIMI~1\\AppData\\Local\\Temp\\tmp_qh4v6kr.mp3'>
2026-06-15 09:38:22 | DEBUG    | gtts.tts | part-0 created
2026-06-15 09:38:22 | DEBUG    | gtts.tts | Saved to C:\Users\AGNIMI~1\AppData\Local\Temp\tmp_qh4v6kr.mp3
2026-06-15 09:38:25 | DEBUG    | src.speech_recognizer | Adjusting for ambient noise...
2026-06-15 09:38:26 | DEBUG    | src.speech_recognizer | Listening...
2026-06-15 09:38:31 | INFO     | src.speech_recognizer | Google STT [bn-IN]: 'আমি যেখান থেকে আছি তোর কি হনুমান'
2026-06-15 09:38:31 | DEBUG    | src.database_manager | Answer logged [origin]: 'আমি যেখান থেকে আছি তোর কি হনুমান'
2026-06-15 09:38:31 | DEBUG    | urllib3.connectionpool | Starting new HTTPS connection (1): translate.google.com:443
2026-06-15 09:38:31 | DEBUG    | urllib3.connectionpool | https://translate.google.com:443 "GET /m?tl=bn&sl=en&q=Thank+you+for+coming+here%2C+welcome%21 HTTP/1.1" 200 None
2026-06-15 09:38:32 | DEBUG    | src.language_detector | Translated [bn]: 'Thank you for coming here, welcome!' -> 'এখানে আসার জন্য আপনাকে ধন্যবাদ, স্বাগতম!'
2026-06-15 09:38:32 | DEBUG    | gtts.tts | text: এখানে আসার জন্য আপনাকে ধন্যবাদ, স্বাগতম!
2026-06-15 09:38:32 | DEBUG    | gtts.tts | tld: com
2026-06-15 09:38:32 | DEBUG    | gtts.tts | lang: bn
2026-06-15 09:38:32 | DEBUG    | gtts.tts | slow: False
2026-06-15 09:38:32 | DEBUG    | gtts.tts | lang_check: True
2026-06-15 09:38:32 | DEBUG    | gtts.tts | pre_processor_funcs: [<function tone_marks at 0x0000018B60ED7E20>, <function end_of_line at 0x0000018B60E80790>, <function abbreviations at 0x0000018B60E80700>, <function word_sub at 0x0000018B60E808B0>]
2026-06-15 09:38:32 | DEBUG    | gtts.tts | tokenizer_func: <bound method Tokenizer.run of re.compile('(?<=\\?).|(?<=!).|(?<=？).|(?<=！).|(?<!\\.[a-z])\\. |(?<!\\.[a-z]), |(?<!\\d):|…|،|：|\\[|。|‥|，|;|¿|¡|\\]|—|\\)|\\\n|、|\\(', re.IGNORECASE) from: [<function tone_marks at 0x0000018B60E80A60>, <function period_comma at 0x0000018B60E80AF0>, <function colon at 0x0000018B60E80B80>, <function other_punctuation at 0x0000018B60E80C10>]>
2026-06-15 09:38:32 | DEBUG    | gtts.tts | timeout: None
2026-06-15 09:38:32 | DEBUG    | gtts.lang | langs: {'af': 'Afrikaans', 'am': 'Amharic', 'ar': 'Arabic', 'bg': 'Bulgarian', 'bn': 'Bengali', 'bs': 'Bosnian', 'ca': 'Catalan', 'cs': 'Czech', 'cy': 'Welsh', 'da': 'Danish', 'de': 'German', 'el': 'Greek', 'en': 'English', 'es': 'Spanish', 'et': 'Estonian', 'eu': 'Basque', 'fi': 'Finnish', 'fr': 'French', 'fr-CA': 'French (Canada)', 'gl': 'Galician', 'gu': 'Gujarati', 'ha': 'Hausa', 'hi': 'Hindi', 'hr': 'Croatian', 'hu': 'Hungarian', 'id': 'Indonesian', 'is': 'Icelandic', 'it': 'Italian', 'iw': 'Hebrew', 'ja': 'Japanese', 'jw': 'Javanese', 'km': 'Khmer', 'kn': 'Kannada', 'ko': 'Korean', 'la': 'Latin', 'lt': 'Lithuanian', 'lv': 'Latvian', 'ml': 'Malayalam', 'mr': 'Marathi', 'ms': 'Malay', 'my': 'Myanmar (Burmese)', 'ne': 'Nepali', 'nl': 'Dutch', 'no': 'Norwegian', 'pa': 'Punjabi (Gurmukhi)', 'pl': 'Polish', 'pt': 'Portuguese (Brazil)', 'pt-PT': 'Portuguese (Portugal)', 'ro': 'Romanian', 'ru': 'Russian', 'si': 'Sinhala', 'sk': 'Slovak', 'sq': 'Albanian', 'sr': 'Serbian', 'su': 'Sundanese', 'sv': 'Swedish', 'sw': 'Swahili', 'ta': 'Tamil', 'te': 'Telugu', 'th': 'Thai', 'tl': 'Filipino', 'tr': 'Turkish', 'uk': 'Ukrainian', 'ur': 'Urdu', 'vi': 'Vietnamese', 'yue': 'Cantonese', 'zh-CN': 'Chinese (Simplified)', 'zh-TW': 'Chinese (Mandarin/Taiwan)', 'zh': 'Chinese (Mandarin)'}
2026-06-15 09:38:32 | DEBUG    | gtts.tts | pre-processing: <function tone_marks at 0x0000018B60ED7E20>
2026-06-15 09:38:32 | DEBUG    | gtts.tts | pre-processing: <function end_of_line at 0x0000018B60E80790>
2026-06-15 09:38:32 | DEBUG    | gtts.tts | pre-processing: <function abbreviations at 0x0000018B60E80700>
2026-06-15 09:38:32 | DEBUG    | gtts.tts | pre-processing: <function word_sub at 0x0000018B60E808B0>
2026-06-15 09:38:32 | DEBUG    | gtts.tts | text_parts: ['এখানে আসার জন্য আপনাকে ধন্যবাদ, স্বাগতম!']
2026-06-15 09:38:32 | DEBUG    | gtts.tts | text_parts: 1
2026-06-15 09:38:32 | DEBUG    | gtts.tts | data-0: f.req=%5B%5B%5B%22jQ1olc%22%2C%22%5B%5C%22%5C%5Cu098f%5C%5Cu0996%5C%5Cu09be%5C%5Cu09a8%5C%5Cu09c7%20%5C%5Cu0986%5C%5Cu09b8%5C%5Cu09be%5C%5Cu09b0%20%5C%5Cu099c%5C%5Cu09a8%5C%5Cu09cd%5C%5Cu09af%20%5C%5Cu0986%5C%5Cu09aa%5C%5Cu09a8%5C%5Cu09be%5C%5Cu0995%5C%5Cu09c7%20%5C%5Cu09a7%5C%5Cu09a8%5C%5Cu09cd%5C%5Cu09af%5C%5Cu09ac%5C%5Cu09be%5C%5Cu09a6%2C%20%5C%5Cu09b8%5C%5Cu09cd%5C%5Cu09ac%5C%5Cu09be%5C%5Cu0997%5C%5Cu09a4%5C%5Cu09ae%21%5C%22%2C%5C%22bn%5C%22%2Cnull%2C%5C%22null%5C%22%5D%22%2Cnull%2C%22generic%22%5D%5D%5D&
2026-06-15 09:38:32 | DEBUG    | urllib3.connectionpool | Starting new HTTPS connection (1): translate.google.com:443
2026-06-15 09:38:32 | DEBUG    | urllib3.connectionpool | https://translate.google.com:443 "POST /_/TranslateWebserverUi/data/batchexecute HTTP/1.1" 200 None
2026-06-15 09:38:32 | DEBUG    | gtts.tts | headers-0: {'Referer': 'http://translate.google.com/', 'User-Agent': 'Mozilla/5.0 (Windows NT 10.0; WOW64) AppleWebKit/537.36 (KHTML, like Gecko) Chrome/47.0.2526.106 Safari/537.36', 'Content-Type': 'application/x-www-form-urlencoded;charset=utf-8', 'Content-Length': '514'}
2026-06-15 09:38:32 | DEBUG    | gtts.tts | url-0: https://translate.google.com/_/TranslateWebserverUi/data/batchexecute
2026-06-15 09:38:32 | DEBUG    | gtts.tts | status-0: 200
2026-06-15 09:38:32 | DEBUG    | gtts.tts | part-0 written to <_io.BufferedWriter name='C:\\Users\\AGNIMI~1\\AppData\\Local\\Temp\\tmpqnxe3vmt.mp3'>
2026-06-15 09:38:32 | DEBUG    | gtts.tts | part-0 created
2026-06-15 09:38:32 | DEBUG    | gtts.tts | Saved to C:\Users\AGNIMI~1\AppData\Local\Temp\tmpqnxe3vmt.mp3
2026-06-15 09:38:37 | DEBUG    | src.database_manager | Event logged [farewell]: 'এখানে আসার জন্য আপনাকে ধন্যবাদ, স্বাগতম!'
2026-06-15 09:38:37 | INFO     | src.database_manager | Session closed: 024de30b-5dce-469e-8e6a-b46e7fff3ff7
2026-06-15 09:38:37 | INFO     | src.bot_controller | Session 024de30b-5dce-469e-8e6a-b46e7fff3ff7 complete. lang=bn
2026-06-15 09:38:53 | INFO     | src.bot_controller | User pressed QUIT key.
